        -:    0:Source:dominion.c
        -:    0:Graph:dominion.gcno
        -:    0:Data:dominion.gcda
        -:    0:Runs:2
        -:    0:Programs:1
        -:    1:#include "dominion.h"
        -:    2:#include "dominion_helpers.h"
        -:    3:#include "rngs.h"
        -:    4:#include <stdio.h>
        -:    5:#include <math.h>
        -:    6:#include <stdlib.h>
        -:    7:
function compare called 93869980 returned 100% blocks executed 100%
 93869980:    8:int compare(const void* a, const void* b) {
 93869980:    9:  if (*(int*)a > *(int*)b)
branch  0 taken 14% (fallthrough)
branch  1 taken 86%
 12818504:   10:    return 1;
 81051476:   11:  if (*(int*)a < *(int*)b)
branch  0 taken 2% (fallthrough)
branch  1 taken 98%
  1799626:   12:    return -1;
 79251850:   13:  return 0;
        -:   14:}
        -:   15:
function newGame called 0 returned 0% blocks executed 0%
    #####:   16:struct gameState* newGame() {
    #####:   17:  struct gameState* g = malloc(sizeof(struct gameState));
    #####:   18:  return g;
        -:   19:}
        -:   20:
function kingdomCards called 0 returned 0% blocks executed 0%
    #####:   21:int* kingdomCards(int k1, int k2, int k3, int k4, int k5, int k6, int k7,
        -:   22:		  int k8, int k9, int k10) {
    #####:   23:  int* k = malloc(10 * sizeof(int));
    #####:   24:  k[0] = k1;
    #####:   25:  k[1] = k2;
    #####:   26:  k[2] = k3;
    #####:   27:  k[3] = k4;
    #####:   28:  k[4] = k5;
    #####:   29:  k[5] = k6;
    #####:   30:  k[6] = k7;
    #####:   31:  k[7] = k8;
    #####:   32:  k[8] = k9;
    #####:   33:  k[9] = k10;
    #####:   34:  return k;
        -:   35:}
        -:   36:
function initializeGame called 2 returned 100% blocks executed 83%
        2:   37:int initializeGame(int numPlayers, int kingdomCards[10], int randomSeed,
        -:   38:		   struct gameState *state) {
        -:   39:
        -:   40:  int i;
        -:   41:  int j;
        -:   42:  int it;
        -:   43:  //set up random number generator
        2:   44:  SelectStream(1);
call    0 returned 100%
        2:   45:  PutSeed((long)randomSeed);
call    0 returned 100%
        -:   46:
        -:   47:  //check number of players
        2:   48:  if (numPlayers > MAX_PLAYERS || numPlayers < 2)
branch  0 taken 100% (fallthrough)
branch  1 taken 0%
branch  2 taken 0% (fallthrough)
branch  3 taken 100%
        -:   49:    {
    #####:   50:      return -1;
        -:   51:    }
        -:   52:
        -:   53:  //set number of players
        2:   54:  state->numPlayers = numPlayers;
        -:   55:
        -:   56:  //check selected kingdom cards are different
       22:   57:  for (i = 0; i < 10; i++)
branch  0 taken 91%
branch  1 taken 9% (fallthrough)
        -:   58:    {
      220:   59:      for (j = 0; j < 10; j++)
branch  0 taken 91%
branch  1 taken 9% (fallthrough)
        -:   60:        {
      200:   61:	  if (j != i && kingdomCards[j] == kingdomCards[i])
branch  0 taken 90% (fallthrough)
branch  1 taken 10%
branch  2 taken 0% (fallthrough)
branch  3 taken 100%
        -:   62:	    {
    #####:   63:	      return -1;
        -:   64:	    }
        -:   65:        }
        -:   66:    }
        -:   67:
        -:   68:
        -:   69:  //initialize supply
        -:   70:  ///////////////////////////////
        -:   71:
        -:   72:  //set number of Curse cards
        2:   73:  if (numPlayers == 2)
branch  0 taken 100% (fallthrough)
branch  1 taken 0%
        -:   74:    {
        2:   75:      state->supplyCount[curse] = 10;
        -:   76:    }
    #####:   77:  else if (numPlayers == 3)
branch  0 never executed
branch  1 never executed
        -:   78:    {
    #####:   79:      state->supplyCount[curse] = 20;
        -:   80:    }
        -:   81:  else
        -:   82:    {
    #####:   83:      state->supplyCount[curse] = 30;
        -:   84:    }
        -:   85:
        -:   86:  //set number of Victory cards
        2:   87:  if (numPlayers == 2)
branch  0 taken 100% (fallthrough)
branch  1 taken 0%
        -:   88:    {
        2:   89:      state->supplyCount[estate] = 8;
        2:   90:      state->supplyCount[duchy] = 8;
        2:   91:      state->supplyCount[province] = 8;
        -:   92:    }
        -:   93:  else
        -:   94:    {
    #####:   95:      state->supplyCount[estate] = 12;
    #####:   96:      state->supplyCount[duchy] = 12;
    #####:   97:      state->supplyCount[province] = 12;
        -:   98:    }
        -:   99:
        -:  100:  //set number of Treasure cards
        2:  101:  state->supplyCount[copper] = 60 - (7 * numPlayers);
        2:  102:  state->supplyCount[silver] = 40;
        2:  103:  state->supplyCount[gold] = 30;
        -:  104:
        -:  105:  //set number of Kingdom cards
       42:  106:  for (i = adventurer; i <= treasure_map; i++)       	//loop all cards
branch  0 taken 95%
branch  1 taken 5% (fallthrough)
        -:  107:    {
      330:  108:      for (j = 0; j < 10; j++)           		//loop chosen cards
branch  0 taken 94%
branch  1 taken 6% (fallthrough)
        -:  109:	{
      310:  110:	  if (kingdomCards[j] == i)
branch  0 taken 6% (fallthrough)
branch  1 taken 94%
        -:  111:	    {
        -:  112:	      //check if card is a 'Victory' Kingdom card
       20:  113:	      if (kingdomCards[j] == great_hall || kingdomCards[j] == gardens)
branch  0 taken 100% (fallthrough)
branch  1 taken 0%
branch  2 taken 0% (fallthrough)
branch  3 taken 100%
        -:  114:		{
    #####:  115:		  if (numPlayers == 2){
branch  0 never executed
branch  1 never executed
    #####:  116:		    state->supplyCount[i] = 8;
        -:  117:		  }
    #####:  118:		  else{ state->supplyCount[i] = 12; }
        -:  119:		}
        -:  120:	      else
        -:  121:		{
       20:  122:		  state->supplyCount[i] = 10;
        -:  123:		}
       20:  124:	      break;
        -:  125:	    }
        -:  126:	  else    //card is not in the set choosen for the game
        -:  127:	    {
      290:  128:	      state->supplyCount[i] = -1;
        -:  129:	    }
        -:  130:	}
        -:  131:
        -:  132:    }
        -:  133:
        -:  134:  ////////////////////////
        -:  135:  //supply intilization complete
        -:  136:
        -:  137:  //set player decks
        6:  138:  for (i = 0; i < numPlayers; i++)
branch  0 taken 67%
branch  1 taken 33% (fallthrough)
        -:  139:    {
        4:  140:      state->deckCount[i] = 0;
       16:  141:      for (j = 0; j < 3; j++)
branch  0 taken 75%
branch  1 taken 25% (fallthrough)
        -:  142:	{
       12:  143:	  state->deck[i][j] = estate;
       12:  144:	  state->deckCount[i]++;
        -:  145:	}
       32:  146:      for (j = 3; j < 10; j++)
branch  0 taken 88%
branch  1 taken 13% (fallthrough)
        -:  147:	{
       28:  148:	  state->deck[i][j] = copper;
       28:  149:	  state->deckCount[i]++;
        -:  150:	}
        -:  151:    }
        -:  152:
        -:  153:  //shuffle player decks
        6:  154:  for (i = 0; i < numPlayers; i++)
branch  0 taken 67%
branch  1 taken 33% (fallthrough)
        -:  155:    {
        4:  156:      if ( shuffle(i, state) < 0 )
call    0 returned 100%
branch  1 taken 0% (fallthrough)
branch  2 taken 100%
        -:  157:	{
    #####:  158:	  return -1;
        -:  159:	}
        -:  160:    }
        -:  161:
        -:  162:  //draw player hands
        6:  163:  for (i = 0; i < numPlayers; i++)
branch  0 taken 67%
branch  1 taken 33% (fallthrough)
        -:  164:    {
        -:  165:      //initialize hand size to zero
        4:  166:      state->handCount[i] = 0;
        4:  167:      state->discardCount[i] = 0;
        -:  168:      //draw 5 cards
        -:  169:      // for (j = 0; j < 5; j++)
        -:  170:      //	{
        -:  171:      //	  drawCard(i, state);
        -:  172:      //	}
        -:  173:    }
        -:  174:
        -:  175:  //set embargo tokens to 0 for all supply piles
       56:  176:  for (i = 0; i <= treasure_map; i++)
branch  0 taken 96%
branch  1 taken 4% (fallthrough)
        -:  177:    {
       54:  178:      state->embargoTokens[i] = 0;
        -:  179:    }
        -:  180:
        -:  181:  //initialize first player's turn
        2:  182:  state->outpostPlayed = 0;
        2:  183:  state->phase = 0;
        2:  184:  state->numActions = 1;
        2:  185:  state->numBuys = 1;
        2:  186:  state->playedCardCount = 0;
        2:  187:  state->whoseTurn = 0;
        2:  188:  state->handCount[state->whoseTurn] = 0;
        -:  189:  //int it; move to top
        -:  190:
        -:  191:  //Moved draw cards to here, only drawing at the start of a turn
       12:  192:  for (it = 0; it < 5; it++){
branch  0 taken 83%
branch  1 taken 17% (fallthrough)
       10:  193:    drawCard(state->whoseTurn, state);
call    0 returned 100%
        -:  194:  }
        -:  195:
        2:  196:  updateCoins(state->whoseTurn, state, 0);
call    0 returned 100%
        -:  197:
        2:  198:  return 0;
        -:  199:}
        -:  200:
function shuffle called 10219432 returned 100% blocks executed 100%
 10219432:  201:int shuffle(int player, struct gameState *state) {
        -:  202:
        -:  203:
        -:  204:  int newDeck[MAX_DECK];
 10219432:  205:  int newDeckPos = 0;
        -:  206:  int card;
        -:  207:  int i;
        -:  208:
 10219432:  209:  if (state->deckCount[player] < 1)
branch  0 taken 99% (fallthrough)
branch  1 taken 1%
 10179456:  210:    return -1;
    39976:  211:  qsort ((void*)(state->deck[player]), state->deckCount[player], sizeof(int), compare);
call    0 returned 100%
        -:  212:  /* SORT CARDS IN DECK TO ENSURE DETERMINISM! */
        -:  213:
 18721632:  214:  while (state->deckCount[player] > 0) {
branch  0 taken 99%
branch  1 taken 1% (fallthrough)
 18641680:  215:    card = floor(Random() * state->deckCount[player]);
call    0 returned 100%
 18641680:  216:    newDeck[newDeckPos] = state->deck[player][card];
 18641680:  217:    newDeckPos++;
2280699316:  218:    for (i = card; i < state->deckCount[player]-1; i++) {
branch  0 taken 99%
branch  1 taken 1% (fallthrough)
2262057636:  219:      state->deck[player][i] = state->deck[player][i+1];
        -:  220:    }
 18641680:  221:    state->deckCount[player]--;
        -:  222:  }
 18677632:  223:  for (i = 0; i < newDeckPos; i++) {
branch  0 taken 99%
branch  1 taken 1% (fallthrough)
 18637656:  224:    state->deck[player][i] = newDeck[i];
 18637656:  225:    state->deckCount[player]++;
        -:  226:  }
        -:  227:
    39976:  228:  return 0;
        -:  229:}
        -:  230:
function playCard called 0 returned 0% blocks executed 0%
    #####:  231:int playCard(int handPos, int choice1, int choice2, int choice3, struct gameState *state)
        -:  232:{
        -:  233:  int card;
    #####:  234:  int coin_bonus = 0; 		//tracks coins gain from actions
        -:  235:
        -:  236:  //check if it is the right phase
    #####:  237:  if (state->phase != 0)
branch  0 never executed
branch  1 never executed
        -:  238:    {
    #####:  239:      return -1;
        -:  240:    }
        -:  241:
        -:  242:  //check if player has enough actions
    #####:  243:  if ( state->numActions < 1 )
branch  0 never executed
branch  1 never executed
        -:  244:    {
    #####:  245:      return -1;
        -:  246:    }
        -:  247:
        -:  248:  //get card played
    #####:  249:  card = handCard(handPos, state);
call    0 never executed
        -:  250:
        -:  251:  //check if selected card is an action
    #####:  252:  if ( card < adventurer || card > treasure_map )
branch  0 never executed
branch  1 never executed
branch  2 never executed
branch  3 never executed
        -:  253:    {
    #####:  254:      return -1;
        -:  255:    }
        -:  256:
        -:  257:  //play card
    #####:  258:  if ( cardEffect(card, choice1, choice2, choice3, state, handPos, &coin_bonus) < 0 )
call    0 never executed
branch  1 never executed
branch  2 never executed
        -:  259:    {
    #####:  260:      return -1;
        -:  261:    }
        -:  262:
        -:  263:  //reduce number of actions
    #####:  264:  state->numActions--;
        -:  265:
        -:  266:  //update coins (Treasure cards may be added with card draws)
    #####:  267:  updateCoins(state->whoseTurn, state, coin_bonus);
call    0 never executed
        -:  268:
    #####:  269:  return 0;
        -:  270:}
        -:  271:
function buyCard called 0 returned 0% blocks executed 0%
    #####:  272:int buyCard(int supplyPos, struct gameState *state) {
        -:  273:  int who;
        -:  274:  if (DEBUG){
        -:  275:    printf("Entering buyCard...\n");
        -:  276:  }
        -:  277:
        -:  278:  // I don't know what to do about the phase thing.
        -:  279:
    #####:  280:  who = state->whoseTurn;
        -:  281:
    #####:  282:  if (state->numBuys < 1){
branch  0 never executed
branch  1 never executed
        -:  283:    if (DEBUG)
        -:  284:      printf("You do not have any buys left\n");
    #####:  285:    return -1;
    #####:  286:  } else if (supplyCount(supplyPos, state) <1){
call    0 never executed
branch  1 never executed
branch  2 never executed
        -:  287:    if (DEBUG)
        -:  288:      printf("There are not any of that type of card left\n");
    #####:  289:    return -1;
    #####:  290:  } else if (state->coins < getCost(supplyPos)){
call    0 never executed
branch  1 never executed
branch  2 never executed
        -:  291:    if (DEBUG)
        -:  292:      printf("You do not have enough money to buy that. You have %d coins.\n", state->coins);
    #####:  293:    return -1;
        -:  294:  } else {
    #####:  295:    state->phase=1;
        -:  296:    //state->supplyCount[supplyPos]--;
    #####:  297:    gainCard(supplyPos, state, 0, who); //card goes in discard, this might be wrong.. (2 means goes into hand, 0 goes into discard)
call    0 never executed
        -:  298:
    #####:  299:    state->coins = (state->coins) - (getCost(supplyPos));
call    0 never executed
    #####:  300:    state->numBuys--;
        -:  301:    if (DEBUG)
        -:  302:      printf("You bought card number %d for %d coins. You now have %d buys and %d coins.\n", supplyPos, getCost(supplyPos), state->numBuys, state->coins);
        -:  303:  }
        -:  304:
        -:  305:  //state->discard[who][state->discardCount[who]] = supplyPos;
        -:  306:  //state->discardCount[who]++;
        -:  307:
    #####:  308:  return 0;
        -:  309:}
        -:  310:
function numHandCards called 160000 returned 100% blocks executed 100%
   160000:  311:int numHandCards(struct gameState *state) {
   160000:  312:  return state->handCount[ whoseTurn(state) ];
call    0 returned 100%
        -:  313:}
        -:  314:
function handCard called 0 returned 0% blocks executed 0%
    #####:  315:int handCard(int handPos, struct gameState *state) {
    #####:  316:  int currentPlayer = whoseTurn(state);
call    0 never executed
    #####:  317:  return state->hand[currentPlayer][handPos];
        -:  318:}
        -:  319:
function supplyCount called 1040000 returned 100% blocks executed 100%
  1040000:  320:int supplyCount(int card, struct gameState *state) {
  1040000:  321:  return state->supplyCount[card];
        -:  322:}
        -:  323:
function fullDeckCount called 0 returned 0% blocks executed 0%
    #####:  324:int fullDeckCount(int player, int card, struct gameState *state) {
        -:  325:  int i;
    #####:  326:  int count = 0;
        -:  327:
    #####:  328:  for (i = 0; i < state->deckCount[player]; i++)
branch  0 never executed
branch  1 never executed
        -:  329:    {
    #####:  330:      if (state->deck[player][i] == card) count++;
branch  0 never executed
branch  1 never executed
        -:  331:    }
        -:  332:
    #####:  333:  for (i = 0; i < state->handCount[player]; i++)
branch  0 never executed
branch  1 never executed
        -:  334:    {
    #####:  335:      if (state->hand[player][i] == card) count++;
branch  0 never executed
branch  1 never executed
        -:  336:    }
        -:  337:
    #####:  338:  for (i = 0; i < state->discardCount[player]; i++)
branch  0 never executed
branch  1 never executed
        -:  339:    {
    #####:  340:      if (state->discard[player][i] == card) count++;
branch  0 never executed
branch  1 never executed
        -:  341:    }
        -:  342:
    #####:  343:  return count;
        -:  344:}
        -:  345:
function whoseTurn called 200000 returned 100% blocks executed 100%
   200000:  346:int whoseTurn(struct gameState *state) {
   200000:  347:  return state->whoseTurn;
        -:  348:}
        -:  349:
function endTurn called 0 returned 0% blocks executed 0%
    #####:  350:int endTurn(struct gameState *state) {
        -:  351:  int k;
        -:  352:  int i;
    #####:  353:  int currentPlayer = whoseTurn(state);
call    0 never executed
        -:  354:
        -:  355:  //Discard hand
    #####:  356:  for (i = 0; i < state->handCount[currentPlayer]; i++){
branch  0 never executed
branch  1 never executed
    #####:  357:    state->discard[currentPlayer][state->discardCount[currentPlayer]++] = state->hand[currentPlayer][i];//Discard
    #####:  358:    state->hand[currentPlayer][i] = -1;//Set card to -1
        -:  359:  }
    #####:  360:  state->handCount[currentPlayer] = 0;//Reset hand count
        -:  361:
        -:  362:  //Code for determining the player
    #####:  363:  if (currentPlayer < (state->numPlayers - 1)){
branch  0 never executed
branch  1 never executed
    #####:  364:    state->whoseTurn = currentPlayer + 1;//Still safe to increment
        -:  365:  }
        -:  366:  else{
    #####:  367:    state->whoseTurn = 0;//Max player has been reached, loop back around to player 1
        -:  368:  }
        -:  369:
    #####:  370:  state->outpostPlayed = 0;
    #####:  371:  state->phase = 0;
    #####:  372:  state->numActions = 1;
    #####:  373:  state->coins = 0;
    #####:  374:  state->numBuys = 1;
    #####:  375:  state->playedCardCount = 0;
    #####:  376:  state->handCount[state->whoseTurn] = 0;
        -:  377:
        -:  378:  //int k; move to top
        -:  379:  //Next player draws hand
    #####:  380:  for (k = 0; k < 5; k++){
branch  0 never executed
branch  1 never executed
    #####:  381:    drawCard(state->whoseTurn, state);//Draw a card
call    0 never executed
        -:  382:  }
        -:  383:
        -:  384:  //Update money
    #####:  385:  updateCoins(state->whoseTurn, state , 0);
call    0 never executed
        -:  386:
    #####:  387:  return 0;
        -:  388:}
        -:  389:
function isGameOver called 0 returned 0% blocks executed 0%
    #####:  390:int isGameOver(struct gameState *state) {
        -:  391:  int i;
        -:  392:  int j;
        -:  393:
        -:  394:  //if stack of Province cards is empty, the game ends
    #####:  395:  if (state->supplyCount[province] == 0)
branch  0 never executed
branch  1 never executed
        -:  396:    {
    #####:  397:      return 1;
        -:  398:    }
        -:  399:
        -:  400:  //if three supply pile are at 0, the game ends
    #####:  401:  j = 0;
    #####:  402:  for (i = 0; i < 25; i++)
branch  0 never executed
branch  1 never executed
        -:  403:    {
    #####:  404:      if (state->supplyCount[i] == 0)
branch  0 never executed
branch  1 never executed
        -:  405:	{
    #####:  406:	  j++;
        -:  407:	}
        -:  408:    }
    #####:  409:  if ( j >= 3)
branch  0 never executed
branch  1 never executed
        -:  410:    {
    #####:  411:      return 1;
        -:  412:    }
        -:  413:
    #####:  414:  return 0;
        -:  415:}
        -:  416:
function scoreFor called 0 returned 0% blocks executed 0%
    #####:  417:int scoreFor (int player, struct gameState *state) {
        -:  418:
        -:  419:  int i;
    #####:  420:  int score = 0;
        -:  421:  //score from hand
    #####:  422:  for (i = 0; i < state->handCount[player]; i++)
branch  0 never executed
branch  1 never executed
        -:  423:    {
    #####:  424:      if (state->hand[player][i] == curse) { score = score - 1; };
branch  0 never executed
branch  1 never executed
    #####:  425:      if (state->hand[player][i] == estate) { score = score + 1; };
branch  0 never executed
branch  1 never executed
    #####:  426:      if (state->hand[player][i] == duchy) { score = score + 3; };
branch  0 never executed
branch  1 never executed
    #####:  427:      if (state->hand[player][i] == province) { score = score + 6; };
branch  0 never executed
branch  1 never executed
    #####:  428:      if (state->hand[player][i] == great_hall) { score = score + 1; };
branch  0 never executed
branch  1 never executed
    #####:  429:      if (state->hand[player][i] == gardens) { score = score + ( fullDeckCount(player, 0, state) / 10 ); };
branch  0 never executed
branch  1 never executed
call    2 never executed
        -:  430:    }
        -:  431:
        -:  432:  //score from discard
    #####:  433:  for (i = 0; i < state->discardCount[player]; i++)
branch  0 never executed
branch  1 never executed
        -:  434:    {
    #####:  435:      if (state->discard[player][i] == curse) { score = score - 1; };
branch  0 never executed
branch  1 never executed
    #####:  436:      if (state->discard[player][i] == estate) { score = score + 1; };
branch  0 never executed
branch  1 never executed
    #####:  437:      if (state->discard[player][i] == duchy) { score = score + 3; };
branch  0 never executed
branch  1 never executed
    #####:  438:      if (state->discard[player][i] == province) { score = score + 6; };
branch  0 never executed
branch  1 never executed
    #####:  439:      if (state->discard[player][i] == great_hall) { score = score + 1; };
branch  0 never executed
branch  1 never executed
    #####:  440:      if (state->discard[player][i] == gardens) { score = score + ( fullDeckCount(player, 0, state) / 10 ); };
branch  0 never executed
branch  1 never executed
call    2 never executed
        -:  441:    }
        -:  442:
        -:  443:  //score from deck
    #####:  444:  for (i = 0; i < state->discardCount[player]; i++)
branch  0 never executed
branch  1 never executed
        -:  445:    {
    #####:  446:      if (state->deck[player][i] == curse) { score = score - 1; };
branch  0 never executed
branch  1 never executed
    #####:  447:      if (state->deck[player][i] == estate) { score = score + 1; };
branch  0 never executed
branch  1 never executed
    #####:  448:      if (state->deck[player][i] == duchy) { score = score + 3; };
branch  0 never executed
branch  1 never executed
    #####:  449:      if (state->deck[player][i] == province) { score = score + 6; };
branch  0 never executed
branch  1 never executed
    #####:  450:      if (state->deck[player][i] == great_hall) { score = score + 1; };
branch  0 never executed
branch  1 never executed
    #####:  451:      if (state->deck[player][i] == gardens) { score = score + ( fullDeckCount(player, 0, state) / 10 ); };
branch  0 never executed
branch  1 never executed
call    2 never executed
        -:  452:    }
        -:  453:
    #####:  454:  return score;
        -:  455:}
        -:  456:
function getWinners called 0 returned 0% blocks executed 0%
    #####:  457:int getWinners(int players[MAX_PLAYERS], struct gameState *state) {
        -:  458:  int i;
        -:  459:  int j;
        -:  460:  int highScore;
        -:  461:  int currentPlayer;
        -:  462:
        -:  463:  //get score for each player
    #####:  464:  for (i = 0; i < MAX_PLAYERS; i++)
branch  0 never executed
branch  1 never executed
        -:  465:    {
        -:  466:      //set unused player scores to -9999
    #####:  467:      if (i >= state->numPlayers)
branch  0 never executed
branch  1 never executed
        -:  468:	{
    #####:  469:	  players[i] = -9999;
        -:  470:	}
        -:  471:      else
        -:  472:	{
    #####:  473:	  players[i] = scoreFor (i, state);
call    0 never executed
        -:  474:	}
        -:  475:    }
        -:  476:
        -:  477:  //find highest score
    #####:  478:  j = 0;
    #####:  479:  for (i = 0; i < MAX_PLAYERS; i++)
branch  0 never executed
branch  1 never executed
        -:  480:    {
    #####:  481:      if (players[i] > players[j])
branch  0 never executed
branch  1 never executed
        -:  482:	{
    #####:  483:	  j = i;
        -:  484:	}
        -:  485:    }
    #####:  486:  highScore = players[j];
        -:  487:
        -:  488:  //add 1 to players who had less turns
    #####:  489:  currentPlayer = whoseTurn(state);
call    0 never executed
    #####:  490:  for (i = 0; i < MAX_PLAYERS; i++)
branch  0 never executed
branch  1 never executed
        -:  491:    {
    #####:  492:      if ( players[i] == highScore && i > currentPlayer )
branch  0 never executed
branch  1 never executed
branch  2 never executed
branch  3 never executed
        -:  493:	{
    #####:  494:	  players[i]++;
        -:  495:	}
        -:  496:    }
        -:  497:
        -:  498:  //find new highest score
    #####:  499:  j = 0;
    #####:  500:  for (i = 0; i < MAX_PLAYERS; i++)
branch  0 never executed
branch  1 never executed
        -:  501:    {
    #####:  502:      if ( players[i] > players[j] )
branch  0 never executed
branch  1 never executed
        -:  503:	{
    #####:  504:	  j = i;
        -:  505:	}
        -:  506:    }
    #####:  507:  highScore = players[j];
        -:  508:
        -:  509:  //set winners in array to 1 and rest to 0
    #####:  510:  for (i = 0; i < MAX_PLAYERS; i++)
branch  0 never executed
branch  1 never executed
        -:  511:    {
    #####:  512:      if ( players[i] == highScore )
branch  0 never executed
branch  1 never executed
        -:  513:	{
    #####:  514:	  players[i] = 1;
        -:  515:	}
        -:  516:      else
        -:  517:	{
    #####:  518:	  players[i] = 0;
        -:  519:	}
        -:  520:    }
        -:  521:
    #####:  522:  return 0;
        -:  523:}
        -:  524:
function drawCard called 23707398 returned 100% blocks executed 100%
 23707398:  525:int drawCard(int player, struct gameState *state)
        -:  526:{	int count;
        -:  527:  int deckCounter;
 23707398:  528:  if (state->deckCount[player] <= 0){//Deck is empty
branch  0 taken 22% (fallthrough)
branch  1 taken 78%
        -:  529:
        -:  530:    //Step 1 Shuffle the discard pile back into a deck
        -:  531:    int i;
        -:  532:    //Move discard to deck
 23751354:  533:    for (i = 0; i < state->discardCount[player];i++){
branch  0 taken 78%
branch  1 taken 22% (fallthrough)
 18641640:  534:      state->deck[player][i] = state->discard[player][i];
 18641640:  535:      state->discard[player][i] = -1;
        -:  536:    }
        -:  537:
  5109714:  538:    state->deckCount[player] = state->discardCount[player];
  5109714:  539:    state->discardCount[player] = 0;//Reset discard
        -:  540:
        -:  541:    //Shufffle the deck
  5109714:  542:    shuffle(player, state);//Shuffle the deck up and make it so that we can draw
call    0 returned 100%
        -:  543:
        -:  544:    if (DEBUG){//Debug statements
        -:  545:      printf("Deck count now: %d\n", state->deckCount[player]);
        -:  546:    }
        -:  547:
  5109714:  548:    state->discardCount[player] = 0;
        -:  549:
        -:  550:    //Step 2 Draw Card
  5109714:  551:    count = state->handCount[player];//Get current player's hand count
        -:  552:
        -:  553:    if (DEBUG){//Debug statements
        -:  554:      printf("Current hand count: %d\n", count);
        -:  555:    }
        -:  556:
  5109714:  557:    deckCounter = state->deckCount[player];//Create a holder for the deck count
        -:  558:
  5109714:  559:    if (deckCounter == 0)
branch  0 taken 99% (fallthrough)
branch  1 taken 1%
  5069742:  560:      return -1;
        -:  561:
    39972:  562:    state->hand[player][count] = state->deck[player][deckCounter - 1];//Add card to hand
    39972:  563:    state->deckCount[player]--;
    39972:  564:    state->handCount[player]++;//Increment hand count
        -:  565:  }
        -:  566:
        -:  567:  else{
 18597684:  568:    int count = state->handCount[player];//Get current hand count for player
        -:  569:    int deckCounter;
        -:  570:    if (DEBUG){//Debug statements
        -:  571:      printf("Current hand count: %d\n", count);
        -:  572:    }
        -:  573:
 18597684:  574:    deckCounter = state->deckCount[player];//Create holder for the deck count
 18597684:  575:    state->hand[player][count] = state->deck[player][deckCounter - 1];//Add card to the hand
 18597684:  576:    state->deckCount[player]--;
 18597684:  577:    state->handCount[player]++;//Increment hand count
        -:  578:  }
        -:  579:
 18637656:  580:  return 0;
        -:  581:}
        -:  582:
function getCost called 0 returned 0% blocks executed 0%
    #####:  583:int getCost(int cardNumber)
        -:  584:{
    #####:  585:  switch( cardNumber )
branch  0 never executed
branch  1 never executed
branch  2 never executed
branch  3 never executed
branch  4 never executed
branch  5 never executed
branch  6 never executed
branch  7 never executed
branch  8 never executed
branch  9 never executed
branch 10 never executed
branch 11 never executed
branch 12 never executed
branch 13 never executed
branch 14 never executed
branch 15 never executed
branch 16 never executed
branch 17 never executed
branch 18 never executed
branch 19 never executed
branch 20 never executed
branch 21 never executed
branch 22 never executed
branch 23 never executed
branch 24 never executed
branch 25 never executed
branch 26 never executed
branch 27 never executed
        -:  586:    {
        -:  587:    case curse:
    #####:  588:      return 0;
        -:  589:    case estate:
    #####:  590:      return 2;
        -:  591:    case duchy:
    #####:  592:      return 5;
        -:  593:    case province:
    #####:  594:      return 8;
        -:  595:    case copper:
    #####:  596:      return 0;
        -:  597:    case silver:
    #####:  598:      return 3;
        -:  599:    case gold:
    #####:  600:      return 6;
        -:  601:    case adventurer:
    #####:  602:      return 6;
        -:  603:    case council_room:
    #####:  604:      return 5;
        -:  605:    case feast:
    #####:  606:      return 4;
        -:  607:    case gardens:
    #####:  608:      return 4;
        -:  609:    case mine:
    #####:  610:      return 5;
        -:  611:    case remodel:
    #####:  612:      return 4;
        -:  613:    case smithy:
    #####:  614:      return 4;
        -:  615:    case village:
    #####:  616:      return 3;
        -:  617:    case baron:
    #####:  618:      return 4;
        -:  619:    case great_hall:
    #####:  620:      return 3;
        -:  621:    case minion:
    #####:  622:      return 5;
        -:  623:    case steward:
    #####:  624:      return 3;
        -:  625:    case tribute:
    #####:  626:      return 5;
        -:  627:    case ambassador:
    #####:  628:      return 3;
        -:  629:    case cutpurse:
    #####:  630:      return 4;
        -:  631:    case embargo:
    #####:  632:      return 2;
        -:  633:    case outpost:
    #####:  634:      return 5;
        -:  635:    case salvager:
    #####:  636:      return 4;
        -:  637:    case sea_hag:
    #####:  638:      return 4;
        -:  639:    case treasure_map:
    #####:  640:      return 4;
        -:  641:    }
        -:  642:
    #####:  643:  return -1;
        -:  644:}
        -:  645:
        -:  646:
        -:  647:
        -:  648:
        -:  649:/******************************REFACTOR******************************/
        -:  650:
function rAdventurer called 40000 returned 100% blocks executed 100%
    40000:  651:int rAdventurer(struct gameState *state){
    40000:  652:  int z = 0;
    40000:  653:  int drawntreasure = 0;
        -:  654:  int cardDrawn;
        -:  655:  int temphand[MAX_HAND];
    40000:  656:  int currentPlayer = whoseTurn(state);
call    0 returned 100%
        -:  657:
 23787388:  658:  while(drawntreasure<2){
branch  0 taken 99%
branch  1 taken 1% (fallthrough)
 23707388:  659:if (state->deckCount[currentPlayer] <1){//if the deck is empty we need to shuffle discard and add to deck
branch  0 taken 22% (fallthrough)
branch  1 taken 78%
  5109714:  660:shuffle(currentPlayer, state);
call    0 returned 100%
        -:  661:}
 23707388:  662:drawCard(currentPlayer, state);
call    0 returned 100%
 23707388:  663:cardDrawn = state->hand[currentPlayer][state->handCount[currentPlayer]-1];//top card of hand is most recently drawn card.
 23707388:  664:if (cardDrawn == copper || cardDrawn == silver || cardDrawn == gold)
branch  0 taken 99% (fallthrough)
branch  1 taken 1%
branch  2 taken 99% (fallthrough)
branch  3 taken 1%
branch  4 taken 0% (fallthrough)
branch  5 taken 100%
    40938:  665:drawntreasure = drawntreasure + 2;
        -:  666:else{
 23666450:  667:temphand[z]=cardDrawn;
 23666450:  668:state->handCount[currentPlayer]--; //this should just remove the top card (the most recently drawn one).
 23666450:  669:z++;
        -:  670:}
        -:  671:  }
 18723628:  672:  while(z-1>=0){
branch  0 taken 99%
branch  1 taken 1% (fallthrough)
 18643628:  673:state->discard[currentPlayer][state->discardCount[currentPlayer]++]=temphand[z-1]; // discard all cards in play that have been drawn
 18643628:  674:z=z-1;
        -:  675:  }
    40000:  676:  return 0;
        -:  677:}
        -:  678:
function rCouncil_room called 0 returned 0% blocks executed 0%
    #####:  679:int rCouncil_room(struct gameState *state, int handPos){
        -:  680:  int i;
    #####:  681:  int currentPlayer = whoseTurn(state);
call    0 never executed
        -:  682:
        -:  683:  //+4 Cards
    #####:  684:  for (i = 0; i < 4; i++)
branch  0 never executed
branch  1 never executed
        -:  685:{
    #####:  686:drawCard(currentPlayer, state);
call    0 never executed
        -:  687:}
        -:  688:
        -:  689:  //+1 Buy
    #####:  690:  state->numBuys = state->numBuys + 10;
        -:  691:
        -:  692:  //Each other player draws a card
    #####:  693:  for (i = 0; i < state->numPlayers; i++)
branch  0 never executed
branch  1 never executed
        -:  694:{
    #####:  695:if ( i != currentPlayer )
branch  0 never executed
branch  1 never executed
        -:  696:  {
    #####:  697:    drawCard(i, state);
call    0 never executed
        -:  698:  }
        -:  699:}
        -:  700:
        -:  701:  //put played card in played card pile
    #####:  702:  discardCard(handPos, currentPlayer, state, 0);
call    0 never executed
        -:  703:
    #####:  704:  return 0;
        -:  705:}
        -:  706:
function rFeast called 0 returned 0% blocks executed 0%
    #####:  707:int rFeast(struct gameState *state, int choice1){
        -:  708:  int i;
        -:  709:  int x;
    #####:  710:  int currentPlayer = whoseTurn(state);
call    0 never executed
        -:  711:  int temphand[MAX_HAND];
        -:  712:
        -:  713:  //gain card with cost up to 5
        -:  714:  //Backup hand
    #####:  715:  for (i = 0; i <= state->handCount[currentPlayer]; i++){
branch  0 never executed
branch  1 never executed
    #####:  716:temphand[i] = state->hand[currentPlayer][i];//Backup card
    #####:  717:state->hand[currentPlayer][i] = -1;//Set to nothing
        -:  718:  }
        -:  719:  //Backup hand
        -:  720:
        -:  721:  //Update Coins for Buy
    #####:  722:  updateCoins(currentPlayer, state, 3);
call    0 never executed
    #####:  723:  x = 1;//Condition to loop on
    #####:  724:  while( x == 1) {//Buy one card
branch  0 never executed
branch  1 never executed
    #####:  725:if (supplyCount(choice1, state) <= 0){
call    0 never executed
branch  1 never executed
branch  2 never executed
        -:  726:if (DEBUG)
        -:  727:  printf("None of that card left, sorry!\n");
        -:  728:
        -:  729:if (DEBUG){
        -:  730:  printf("Cards Left: %d\n", supplyCount(choice1, state));
        -:  731:}
        -:  732:}
    #####:  733:else if (state->coins < getCost(choice1)){
call    0 never executed
branch  1 never executed
branch  2 never executed
    #####:  734:printf("That card is too expensive!\n");
call    0 never executed
        -:  735:
        -:  736:if (DEBUG){
        -:  737:  printf("Coins: %d < %d\n", state->coins, getCost(choice1));
        -:  738:}
        -:  739:}
        -:  740:else{
        -:  741:
        -:  742:if (DEBUG){
        -:  743:  printf("Deck Count: %d\n", state->handCount[currentPlayer] + state->deckCount[currentPlayer] + state->discardCount[currentPlayer]);
        -:  744:}
        -:  745:
    #####:  746:gainCard(choice1, state, 0, currentPlayer);//Gain the card
call    0 never executed
    #####:  747:x = 0;//No more buying cards
        -:  748:
        -:  749:if (DEBUG){
        -:  750:  printf("Deck Count: %d\n", state->handCount[currentPlayer] + state->deckCount[currentPlayer] + state->discardCount[currentPlayer]);
        -:  751:}
        -:  752:
        -:  753:}
        -:  754:  }
        -:  755:
        -:  756:  //Reset Hand
    #####:  757:  for (i = 0; i <= state->handCount[currentPlayer]; i++){
branch  0 never executed
branch  1 never executed
    #####:  758:state->hand[currentPlayer][i] = temphand[i];
    #####:  759:temphand[i] = -1;
        -:  760:  }
        -:  761:  //Reset Hand
        -:  762:
    #####:  763:  return 0;
        -:  764:}
        -:  765:
function rSmithy called 0 returned 0% blocks executed 0%
    #####:  766:int rSmithy(struct gameState *state, int handPos){
        -:  767:  int i;
    #####:  768:  int currentPlayer = whoseTurn(state);
call    0 never executed
        -:  769:
        -:  770:  //+3 Cards
    #####:  771:  for (i = 0; i < 3; i++)
branch  0 never executed
branch  1 never executed
        -:  772:{
    #####:  773:drawCard(currentPlayer, state);
call    0 never executed
        -:  774:}
        -:  775:
        -:  776:  //discard card from hand
    #####:  777:  discardCard(handPos-1, currentPlayer, state, 0);
call    0 never executed
    #####:  778:  return 0;
        -:  779:}
        -:  780:
function rGreat_hall called 0 returned 0% blocks executed 0%
    #####:  781:int rGreat_hall(struct gameState *state, int handPos){
    #####:  782:  int currentPlayer = whoseTurn(state);
call    0 never executed
        -:  783:
        -:  784:  //+1 Card
    #####:  785:  drawCard(currentPlayer, state);
call    0 never executed
        -:  786:
        -:  787:  //+1 Actions
    #####:  788:  state->numActions++;
        -:  789:
        -:  790:  //discard card from hand
    #####:  791:  discardCard(handPos, currentPlayer, state, 0);
call    0 never executed
    #####:  792:  return 0;
        -:  793:}
        -:  794:
        -:  795:/**************************END-REFACTOR******************************/
        -:  796:
        -:  797:
        -:  798:
        -:  799:
        -:  800:
        -:  801:
        -:  802:
function cardEffect called 0 returned 0% blocks executed 0%
    #####:  803:int cardEffect(int card, int choice1, int choice2, int choice3, struct gameState *state, int handPos, int *bonus)
        -:  804:{
        -:  805:  int i;
        -:  806:  int j;
        -:  807:  int k;
        -:  808:  int index;
    #####:  809:  int currentPlayer = whoseTurn(state);
call    0 never executed
    #####:  810:  int nextPlayer = currentPlayer + 1;
        -:  811:
    #####:  812:  int tributeRevealedCards[2] = {-1, -1};
    #####:  813:  if (nextPlayer > (state->numPlayers - 1)){
branch  0 never executed
branch  1 never executed
    #####:  814:    nextPlayer = 0;
        -:  815:  }
        -:  816:
        -:  817:
        -:  818:  //uses switch to select card and perform actions
    #####:  819:  switch( card )
branch  0 never executed
branch  1 never executed
branch  2 never executed
branch  3 never executed
branch  4 never executed
branch  5 never executed
branch  6 never executed
branch  7 never executed
branch  8 never executed
branch  9 never executed
branch 10 never executed
branch 11 never executed
branch 12 never executed
branch 13 never executed
branch 14 never executed
branch 15 never executed
branch 16 never executed
branch 17 never executed
branch 18 never executed
branch 19 never executed
branch 20 never executed
        -:  820:    {
        -:  821:    case adventurer:
    #####:  822:      return rAdventurer(state);
call    0 never executed
        -:  823:
        -:  824:    case council_room:
    #####:  825:      return rCouncil_room(state, handPos);
call    0 never executed
        -:  826:
        -:  827:    case feast:
    #####:  828:      return rFeast(state, choice1);
call    0 never executed
        -:  829:
        -:  830:    case gardens:
    #####:  831:      return -1;
        -:  832:
        -:  833:    case mine:
    #####:  834:      j = state->hand[currentPlayer][choice1];  //store card we will trash
        -:  835:
    #####:  836:      if (state->hand[currentPlayer][choice1] < copper || state->hand[currentPlayer][choice1] > gold)
branch  0 never executed
branch  1 never executed
branch  2 never executed
branch  3 never executed
        -:  837:	{
    #####:  838:	  return -1;
        -:  839:	}
        -:  840:
    #####:  841:      if (choice2 > treasure_map || choice2 < curse)
branch  0 never executed
branch  1 never executed
branch  2 never executed
branch  3 never executed
        -:  842:	{
    #####:  843:	  return -1;
        -:  844:	}
        -:  845:
    #####:  846:      if ( (getCost(state->hand[currentPlayer][choice1]) + 3) > getCost(choice2) )
call    0 never executed
call    1 never executed
branch  2 never executed
branch  3 never executed
        -:  847:	{
    #####:  848:	  return -1;
        -:  849:	}
        -:  850:
    #####:  851:      gainCard(choice2, state, 2, currentPlayer);
call    0 never executed
        -:  852:
        -:  853:      //discard card from hand
    #####:  854:      discardCard(handPos, currentPlayer, state, 0);
call    0 never executed
        -:  855:
        -:  856:      //discard trashed card
    #####:  857:      for (i = 0; i < state->handCount[currentPlayer]; i++)
branch  0 never executed
branch  1 never executed
        -:  858:	{
    #####:  859:	  if (state->hand[currentPlayer][i] == j)
branch  0 never executed
branch  1 never executed
        -:  860:	    {
    #####:  861:	      discardCard(i, currentPlayer, state, 0);
call    0 never executed
    #####:  862:	      break;
        -:  863:	    }
        -:  864:	}
        -:  865:
    #####:  866:      return 0;
        -:  867:
        -:  868:    case remodel:
    #####:  869:      j = state->hand[currentPlayer][choice1];  //store card we will trash
        -:  870:
    #####:  871:      if ( (getCost(state->hand[currentPlayer][choice1]) + 2) > getCost(choice2) )
call    0 never executed
call    1 never executed
branch  2 never executed
branch  3 never executed
        -:  872:	{
    #####:  873:	  return -1;
        -:  874:	}
        -:  875:
    #####:  876:      gainCard(choice2, state, 0, currentPlayer);
call    0 never executed
        -:  877:
        -:  878:      //discard card from hand
    #####:  879:      discardCard(handPos, currentPlayer, state, 0);
call    0 never executed
        -:  880:
        -:  881:      //discard trashed card
    #####:  882:      for (i = 0; i < state->handCount[currentPlayer]; i++)
branch  0 never executed
branch  1 never executed
        -:  883:	{
    #####:  884:	  if (state->hand[currentPlayer][i] == j)
branch  0 never executed
branch  1 never executed
        -:  885:	    {
    #####:  886:	      discardCard(i, currentPlayer, state, 0);
call    0 never executed
    #####:  887:	      break;
        -:  888:	    }
        -:  889:	}
        -:  890:
        -:  891:
    #####:  892:      return 0;
        -:  893:
        -:  894:    case smithy:
    #####:  895:      return rSmithy(state, handPos);
call    0 never executed
        -:  896:
        -:  897:    case village:
        -:  898:      //+1 Card
    #####:  899:      drawCard(currentPlayer, state);
call    0 never executed
        -:  900:
        -:  901:      //+2 Actions
    #####:  902:      state->numActions = state->numActions + 2;
        -:  903:
        -:  904:      //discard played card from hand
    #####:  905:      discardCard(handPos, currentPlayer, state, 0);
call    0 never executed
    #####:  906:      return 0;
        -:  907:
        -:  908:    case baron:
    #####:  909:      state->numBuys++;//Increase buys by 1!
    #####:  910:      if (choice1 > 0){//Boolean true or going to discard an estate
branch  0 never executed
branch  1 never executed
    #####:  911:	int p = 0;//Iterator for hand!
    #####:  912:	int card_not_discarded = 1;//Flag for discard set!
    #####:  913:	while(card_not_discarded){
branch  0 never executed
branch  1 never executed
    #####:  914:	  if (state->hand[currentPlayer][p] == estate){//Found an estate card!
branch  0 never executed
branch  1 never executed
    #####:  915:	    state->coins += 4;//Add 4 coins to the amount of coins
    #####:  916:	    state->discard[currentPlayer][state->discardCount[currentPlayer]] = state->hand[currentPlayer][p];
    #####:  917:	    state->discardCount[currentPlayer]++;
    #####:  918:	    for (;p < state->handCount[currentPlayer]; p++){
branch  0 never executed
branch  1 never executed
    #####:  919:	      state->hand[currentPlayer][p] = state->hand[currentPlayer][p+1];
        -:  920:	    }
    #####:  921:	    state->hand[currentPlayer][state->handCount[currentPlayer]] = -1;
    #####:  922:	    state->handCount[currentPlayer]--;
    #####:  923:	    card_not_discarded = 0;//Exit the loop
        -:  924:	  }
    #####:  925:	  else if (p > state->handCount[currentPlayer]){
branch  0 never executed
branch  1 never executed
        -:  926:	    if(DEBUG) {
        -:  927:	      printf("No estate cards in your hand, invalid choice\n");
        -:  928:	      printf("Must gain an estate if there are any\n");
        -:  929:	    }
    #####:  930:	    if (supplyCount(estate, state) > 0){
call    0 never executed
branch  1 never executed
branch  2 never executed
    #####:  931:	      gainCard(estate, state, 0, currentPlayer);
call    0 never executed
    #####:  932:	      state->supplyCount[estate]--;//Decrement estates
    #####:  933:	      if (supplyCount(estate, state) == 0){
call    0 never executed
branch  1 never executed
branch  2 never executed
    #####:  934:		isGameOver(state);
call    0 never executed
        -:  935:	      }
        -:  936:	    }
    #####:  937:	    card_not_discarded = 0;//Exit the loop
        -:  938:	  }
        -:  939:
        -:  940:	  else{
    #####:  941:	    p++;//Next card
        -:  942:	  }
        -:  943:	}
        -:  944:      }
        -:  945:
        -:  946:      else{
    #####:  947:	if (supplyCount(estate, state) > 0){
call    0 never executed
branch  1 never executed
branch  2 never executed
    #####:  948:	  gainCard(estate, state, 0, currentPlayer);//Gain an estate
call    0 never executed
    #####:  949:	  state->supplyCount[estate]--;//Decrement Estates
    #####:  950:	  if (supplyCount(estate, state) == 0){
call    0 never executed
branch  1 never executed
branch  2 never executed
    #####:  951:	    isGameOver(state);
call    0 never executed
        -:  952:	  }
        -:  953:	}
        -:  954:      }
        -:  955:
        -:  956:
    #####:  957:      return 0;
        -:  958:
        -:  959:    case great_hall:
    #####:  960:      return rGreat_hall(state, handPos);
call    0 never executed
        -:  961:
        -:  962:    case minion:
        -:  963:      //+1 action
    #####:  964:      state->numActions++;
        -:  965:
        -:  966:      //discard card from hand
    #####:  967:      discardCard(handPos, currentPlayer, state, 0);
call    0 never executed
        -:  968:
    #####:  969:      if (choice1)		//+2 coins
branch  0 never executed
branch  1 never executed
        -:  970:	{
    #####:  971:	  state->coins = state->coins + 2;
        -:  972:	}
        -:  973:
    #####:  974:      else if (choice2)		//discard hand, redraw 4, other players with 5+ cards discard hand and draw 4
branch  0 never executed
branch  1 never executed
        -:  975:	{
        -:  976:	  //discard hand
    #####:  977:	  while(numHandCards(state) > 0)
call    0 never executed
branch  1 never executed
branch  2 never executed
        -:  978:	    {
    #####:  979:	      discardCard(handPos, currentPlayer, state, 0);
call    0 never executed
        -:  980:	    }
        -:  981:
        -:  982:	  //draw 4
    #####:  983:	  for (i = 0; i < 4; i++)
branch  0 never executed
branch  1 never executed
        -:  984:	    {
    #####:  985:	      drawCard(currentPlayer, state);
call    0 never executed
        -:  986:	    }
        -:  987:
        -:  988:	  //other players discard hand and redraw if hand size > 4
    #####:  989:	  for (i = 0; i < state->numPlayers; i++)
branch  0 never executed
branch  1 never executed
        -:  990:	    {
    #####:  991:	      if (i != currentPlayer)
branch  0 never executed
branch  1 never executed
        -:  992:		{
    #####:  993:		  if ( state->handCount[i] > 4 )
branch  0 never executed
branch  1 never executed
        -:  994:		    {
        -:  995:		      //discard hand
    #####:  996:		      while( state->handCount[i] > 0 )
branch  0 never executed
branch  1 never executed
        -:  997:			{
    #####:  998:			  discardCard(handPos, i, state, 0);
call    0 never executed
        -:  999:			}
        -: 1000:
        -: 1001:		      //draw 4
    #####: 1002:		      for (j = 0; j < 4; j++)
branch  0 never executed
branch  1 never executed
        -: 1003:			{
    #####: 1004:			  drawCard(i, state);
call    0 never executed
        -: 1005:			}
        -: 1006:		    }
        -: 1007:		}
        -: 1008:	    }
        -: 1009:
        -: 1010:	}
    #####: 1011:      return 0;
        -: 1012:
        -: 1013:    case steward:
    #####: 1014:      if (choice1 == 1)
branch  0 never executed
branch  1 never executed
        -: 1015:	{
        -: 1016:	  //+2 cards
    #####: 1017:	  drawCard(currentPlayer, state);
call    0 never executed
    #####: 1018:	  drawCard(currentPlayer, state);
call    0 never executed
        -: 1019:	}
    #####: 1020:      else if (choice1 == 2)
branch  0 never executed
branch  1 never executed
        -: 1021:	{
        -: 1022:	  //+2 coins
    #####: 1023:	  state->coins = state->coins + 2;
        -: 1024:	}
        -: 1025:      else
        -: 1026:	{
        -: 1027:	  //trash 2 cards in hand
    #####: 1028:	  discardCard(choice2, currentPlayer, state, 1);
call    0 never executed
    #####: 1029:	  discardCard(choice3, currentPlayer, state, 1);
call    0 never executed
        -: 1030:	}
        -: 1031:
        -: 1032:      //discard card from hand
    #####: 1033:      discardCard(handPos, currentPlayer, state, 0);
call    0 never executed
    #####: 1034:      return 0;
        -: 1035:
        -: 1036:    case tribute:
    #####: 1037:      if ((state->discardCount[nextPlayer] + state->deckCount[nextPlayer]) <= 1){
branch  0 never executed
branch  1 never executed
    #####: 1038:	if (state->deckCount[nextPlayer] > 0){
branch  0 never executed
branch  1 never executed
    #####: 1039:	  tributeRevealedCards[0] = state->deck[nextPlayer][state->deckCount[nextPlayer]-1];
    #####: 1040:	  state->deckCount[nextPlayer]--;
        -: 1041:	}
    #####: 1042:	else if (state->discardCount[nextPlayer] > 0){
branch  0 never executed
branch  1 never executed
    #####: 1043:	  tributeRevealedCards[0] = state->discard[nextPlayer][state->discardCount[nextPlayer]-1];
    #####: 1044:	  state->discardCount[nextPlayer]--;
        -: 1045:	}
        -: 1046:	else{
        -: 1047:	  //No Card to Reveal
        -: 1048:	  if (DEBUG){
        -: 1049:	    printf("No cards to reveal\n");
        -: 1050:	  }
        -: 1051:	}
        -: 1052:      }
        -: 1053:
        -: 1054:      else{
    #####: 1055:	if (state->deckCount[nextPlayer] == 0){
branch  0 never executed
branch  1 never executed
    #####: 1056:	  for (i = 0; i < state->discardCount[nextPlayer]; i++){
branch  0 never executed
branch  1 never executed
    #####: 1057:	    state->deck[nextPlayer][i] = state->discard[nextPlayer][i];//Move to deck
    #####: 1058:	    state->deckCount[nextPlayer]++;
    #####: 1059:	    state->discard[nextPlayer][i] = -1;
    #####: 1060:	    state->discardCount[nextPlayer]--;
        -: 1061:	  }
        -: 1062:
    #####: 1063:	  shuffle(nextPlayer,state);//Shuffle the deck
call    0 never executed
        -: 1064:	}
    #####: 1065:	tributeRevealedCards[0] = state->deck[nextPlayer][state->deckCount[nextPlayer]-1];
    #####: 1066:	state->deck[nextPlayer][state->deckCount[nextPlayer]--] = -1;
    #####: 1067:	state->deckCount[nextPlayer]--;
    #####: 1068:	tributeRevealedCards[1] = state->deck[nextPlayer][state->deckCount[nextPlayer]-1];
    #####: 1069:	state->deck[nextPlayer][state->deckCount[nextPlayer]--] = -1;
    #####: 1070:	state->deckCount[nextPlayer]--;
        -: 1071:      }
        -: 1072:
    #####: 1073:      if (tributeRevealedCards[0] == tributeRevealedCards[1]){//If we have a duplicate card, just drop one
branch  0 never executed
branch  1 never executed
    #####: 1074:	state->playedCards[state->playedCardCount] = tributeRevealedCards[1];
    #####: 1075:	state->playedCardCount++;
    #####: 1076:	tributeRevealedCards[1] = -1;
        -: 1077:      }
        -: 1078:
    #####: 1079:      for (i = 0; i <= 2; i ++){
branch  0 never executed
branch  1 never executed
    #####: 1080:	if (tributeRevealedCards[i] == copper || tributeRevealedCards[i] == silver || tributeRevealedCards[i] == gold){//Treasure cards
branch  0 never executed
branch  1 never executed
branch  2 never executed
branch  3 never executed
branch  4 never executed
branch  5 never executed
    #####: 1081:	  state->coins += 2;
        -: 1082:	}
        -: 1083:
    #####: 1084:	else if (tributeRevealedCards[i] == estate || tributeRevealedCards[i] == duchy || tributeRevealedCards[i] == province || tributeRevealedCards[i] == gardens || tributeRevealedCards[i] == great_hall){//Victory Card Found
branch  0 never executed
branch  1 never executed
branch  2 never executed
branch  3 never executed
branch  4 never executed
branch  5 never executed
branch  6 never executed
branch  7 never executed
branch  8 never executed
branch  9 never executed
    #####: 1085:	  drawCard(currentPlayer, state);
call    0 never executed
    #####: 1086:	  drawCard(currentPlayer, state);
call    0 never executed
        -: 1087:	}
        -: 1088:	else{//Action Card
    #####: 1089:	  state->numActions = state->numActions + 2;
        -: 1090:	}
        -: 1091:      }
        -: 1092:
    #####: 1093:      return 0;
        -: 1094:
        -: 1095:    case ambassador:
    #####: 1096:      j = 0;		//used to check if player has enough cards to discard
        -: 1097:
    #####: 1098:      if (choice2 > 2 || choice2 < 0)
branch  0 never executed
branch  1 never executed
branch  2 never executed
branch  3 never executed
        -: 1099:	{
    #####: 1100:	  return -1;
        -: 1101:	}
        -: 1102:
    #####: 1103:      if (choice1 == handPos)
branch  0 never executed
branch  1 never executed
        -: 1104:	{
    #####: 1105:	  return -1;
        -: 1106:	}
        -: 1107:
    #####: 1108:      for (i = 0; i < state->handCount[currentPlayer]; i++)
branch  0 never executed
branch  1 never executed
        -: 1109:	{
    #####: 1110:	  if (i != handPos && i == state->hand[currentPlayer][choice1] && i != choice1)
branch  0 never executed
branch  1 never executed
branch  2 never executed
branch  3 never executed
branch  4 never executed
branch  5 never executed
        -: 1111:	    {
    #####: 1112:	      j++;
        -: 1113:	    }
        -: 1114:	}
    #####: 1115:      if (j < choice2)
branch  0 never executed
branch  1 never executed
        -: 1116:	{
    #####: 1117:	  return -1;
        -: 1118:	}
        -: 1119:
        -: 1120:      if (DEBUG)
        -: 1121:	printf("Player %d reveals card number: %d\n", currentPlayer, state->hand[currentPlayer][choice1]);
        -: 1122:
        -: 1123:      //increase supply count for choosen card by amount being discarded
    #####: 1124:      state->supplyCount[state->hand[currentPlayer][choice1]] += choice2;
        -: 1125:
        -: 1126:      //each other player gains a copy of revealed card
    #####: 1127:      for (i = 0; i < state->numPlayers; i++)
branch  0 never executed
branch  1 never executed
        -: 1128:	{
    #####: 1129:	  if (i != currentPlayer)
branch  0 never executed
branch  1 never executed
        -: 1130:	    {
    #####: 1131:	      gainCard(state->hand[currentPlayer][choice1], state, 0, i);
call    0 never executed
        -: 1132:	    }
        -: 1133:	}
        -: 1134:
        -: 1135:      //discard played card from hand
    #####: 1136:      discardCard(handPos, currentPlayer, state, 0);
call    0 never executed
        -: 1137:
        -: 1138:      //trash copies of cards returned to supply
    #####: 1139:      for (j = 0; j < choice2; j++)
branch  0 never executed
branch  1 never executed
        -: 1140:	{
    #####: 1141:	  for (i = 0; i < state->handCount[currentPlayer]; i++)
branch  0 never executed
branch  1 never executed
        -: 1142:	    {
    #####: 1143:	      if (state->hand[currentPlayer][i] == state->hand[currentPlayer][choice1])
branch  0 never executed
branch  1 never executed
        -: 1144:		{
    #####: 1145:		  discardCard(i, currentPlayer, state, 1);
call    0 never executed
    #####: 1146:		  break;
        -: 1147:		}
        -: 1148:	    }
        -: 1149:	}
        -: 1150:
    #####: 1151:      return 0;
        -: 1152:
        -: 1153:    case cutpurse:
        -: 1154:
    #####: 1155:      updateCoins(currentPlayer, state, 2);
call    0 never executed
    #####: 1156:      for (i = 0; i < state->numPlayers; i++)
branch  0 never executed
branch  1 never executed
        -: 1157:	{
    #####: 1158:	  if (i != currentPlayer)
branch  0 never executed
branch  1 never executed
        -: 1159:	    {
    #####: 1160:	      for (j = 0; j < state->handCount[i]; j++)
branch  0 never executed
branch  1 never executed
        -: 1161:		{
    #####: 1162:		  if (state->hand[i][j] == copper)
branch  0 never executed
branch  1 never executed
        -: 1163:		    {
    #####: 1164:		      discardCard(j, i, state, 0);
call    0 never executed
    #####: 1165:		      break;
        -: 1166:		    }
    #####: 1167:		  if (j == state->handCount[i])
branch  0 never executed
branch  1 never executed
        -: 1168:		    {
    #####: 1169:		      for (k = 0; k < state->handCount[i]; k++)
branch  0 never executed
branch  1 never executed
        -: 1170:			{
        -: 1171:			  if (DEBUG)
        -: 1172:			    printf("Player %d reveals card number %d\n", i, state->hand[i][k]);
        -: 1173:			}
    #####: 1174:		      break;
        -: 1175:		    }
        -: 1176:		}
        -: 1177:
        -: 1178:	    }
        -: 1179:
        -: 1180:	}
        -: 1181:
        -: 1182:      //discard played card from hand
    #####: 1183:      discardCard(handPos, currentPlayer, state, 0);
call    0 never executed
        -: 1184:
    #####: 1185:      return 0;
        -: 1186:
        -: 1187:
        -: 1188:    case embargo:
        -: 1189:      //+2 Coins
    #####: 1190:      state->coins = state->coins + 2;
        -: 1191:
        -: 1192:      //see if selected pile is in play
    #####: 1193:      if ( state->supplyCount[choice1] == -1 )
branch  0 never executed
branch  1 never executed
        -: 1194:	{
    #####: 1195:	  return -1;
        -: 1196:	}
        -: 1197:
        -: 1198:      //add embargo token to selected supply pile
    #####: 1199:      state->embargoTokens[choice1]++;
        -: 1200:
        -: 1201:      //trash card
    #####: 1202:      discardCard(handPos, currentPlayer, state, 1);
call    0 never executed
    #####: 1203:      return 0;
        -: 1204:
        -: 1205:    case outpost:
        -: 1206:      //set outpost flag
    #####: 1207:      state->outpostPlayed++;
        -: 1208:
        -: 1209:      //discard card
    #####: 1210:      discardCard(handPos, currentPlayer, state, 0);
call    0 never executed
    #####: 1211:      return 0;
        -: 1212:
        -: 1213:    case salvager:
        -: 1214:      //+1 buy
    #####: 1215:      state->numBuys++;
        -: 1216:
    #####: 1217:      if (choice1)
branch  0 never executed
branch  1 never executed
        -: 1218:	{
        -: 1219:	  //gain coins equal to trashed card
    #####: 1220:	  state->coins = state->coins + getCost( handCard(choice1, state) );
call    0 never executed
call    1 never executed
        -: 1221:	  //trash card
    #####: 1222:	  discardCard(choice1, currentPlayer, state, 1);
call    0 never executed
        -: 1223:	}
        -: 1224:
        -: 1225:      //discard card
    #####: 1226:      discardCard(handPos, currentPlayer, state, 0);
call    0 never executed
    #####: 1227:      return 0;
        -: 1228:
        -: 1229:    case sea_hag:
    #####: 1230:      for (i = 0; i < state->numPlayers; i++){
branch  0 never executed
branch  1 never executed
    #####: 1231:	if (i != currentPlayer){
branch  0 never executed
branch  1 never executed
    #####: 1232:	  state->discard[i][state->discardCount[i]] = state->deck[i][state->deckCount[i]--];			    state->deckCount[i]--;
    #####: 1233:	  state->discardCount[i]++;
    #####: 1234:	  state->deck[i][state->deckCount[i]--] = curse;//Top card now a curse
        -: 1235:	}
        -: 1236:      }
    #####: 1237:      return 0;
        -: 1238:
        -: 1239:    case treasure_map:
        -: 1240:      //search hand for another treasure_map
    #####: 1241:      index = -1;
    #####: 1242:      for (i = 0; i < state->handCount[currentPlayer]; i++)
branch  0 never executed
branch  1 never executed
        -: 1243:	{
    #####: 1244:	  if (state->hand[currentPlayer][i] == treasure_map && i != handPos)
branch  0 never executed
branch  1 never executed
branch  2 never executed
branch  3 never executed
        -: 1245:	    {
    #####: 1246:	      index = i;
    #####: 1247:	      break;
        -: 1248:	    }
        -: 1249:	}
    #####: 1250:      if (index > -1)
branch  0 never executed
branch  1 never executed
        -: 1251:	{
        -: 1252:	  //trash both treasure cards
    #####: 1253:	  discardCard(handPos, currentPlayer, state, 1);
call    0 never executed
    #####: 1254:	  discardCard(index, currentPlayer, state, 1);
call    0 never executed
        -: 1255:
        -: 1256:	  //gain 4 Gold cards
    #####: 1257:	  for (i = 0; i < 4; i++)
branch  0 never executed
branch  1 never executed
        -: 1258:	    {
    #####: 1259:	      gainCard(gold, state, 1, currentPlayer);
call    0 never executed
        -: 1260:	    }
        -: 1261:
        -: 1262:	  //return success
    #####: 1263:	  return 1;
        -: 1264:	}
        -: 1265:
        -: 1266:      //no second treasure_map found in hand
    #####: 1267:      return -1;
        -: 1268:    }
        -: 1269:
    #####: 1270:  return -1;
        -: 1271:} // cardEffect ENDS HERE ******************************************
        -: 1272:
        -: 1273:
        -: 1274:
        -: 1275:
        -: 1276:
        -: 1277:
        -: 1278:
        -: 1279:
        -: 1280:
        -: 1281:
        -: 1282:
        -: 1283:
        -: 1284:
        -: 1285:
function discardCard called 0 returned 0% blocks executed 0%
    #####: 1286:int discardCard(int handPos, int currentPlayer, struct gameState *state, int trashFlag)
        -: 1287:{
        -: 1288:
        -: 1289:  //if card is not trashed, added to Played pile
    #####: 1290:  if (trashFlag < 1)
branch  0 never executed
branch  1 never executed
        -: 1291:    {
        -: 1292:      //add card to played pile
    #####: 1293:      state->playedCards[state->playedCardCount] = state->hand[currentPlayer][handPos];
    #####: 1294:      state->playedCardCount++;
        -: 1295:    }
        -: 1296:
        -: 1297:  //set played card to -1
    #####: 1298:  state->hand[currentPlayer][handPos] = -1;
        -: 1299:
        -: 1300:  //remove card from player's hand
    #####: 1301:  if ( handPos == (state->handCount[currentPlayer] - 1) ) 	//last card in hand array is played
branch  0 never executed
branch  1 never executed
        -: 1302:    {
        -: 1303:      //reduce number of cards in hand
    #####: 1304:      state->handCount[currentPlayer]--;
        -: 1305:    }
    #####: 1306:  else if ( state->handCount[currentPlayer] == 1 ) //only one card in hand
branch  0 never executed
branch  1 never executed
        -: 1307:    {
        -: 1308:      //reduce number of cards in hand
    #####: 1309:      state->handCount[currentPlayer]--;
        -: 1310:    }
        -: 1311:  else
        -: 1312:    {
        -: 1313:      //replace discarded card with last card in hand
    #####: 1314:      state->hand[currentPlayer][handPos] = state->hand[currentPlayer][ (state->handCount[currentPlayer] - 1)];
        -: 1315:      //set last card to -1
    #####: 1316:      state->hand[currentPlayer][state->handCount[currentPlayer] - 1] = -1;
        -: 1317:      //reduce number of cards in hand
    #####: 1318:      state->handCount[currentPlayer]--;
        -: 1319:    }
        -: 1320:
    #####: 1321:  return 0;
        -: 1322:}
        -: 1323:
function gainCard called 0 returned 0% blocks executed 0%
    #####: 1324:int gainCard(int supplyPos, struct gameState *state, int toFlag, int player)
        -: 1325:{
        -: 1326:  //Note: supplyPos is enum of choosen card
        -: 1327:
        -: 1328:  //check if supply pile is empty (0) or card is not used in game (-1)
    #####: 1329:  if ( supplyCount(supplyPos, state) < 1 )
call    0 never executed
branch  1 never executed
branch  2 never executed
        -: 1330:    {
    #####: 1331:      return -1;
        -: 1332:    }
        -: 1333:
        -: 1334:  //added card for [whoseTurn] current player:
        -: 1335:  // toFlag = 0 : add to discard
        -: 1336:  // toFlag = 1 : add to deck
        -: 1337:  // toFlag = 2 : add to hand
        -: 1338:
    #####: 1339:  if (toFlag == 1)
branch  0 never executed
branch  1 never executed
        -: 1340:    {
    #####: 1341:      state->deck[ player ][ state->deckCount[player] ] = supplyPos;
    #####: 1342:      state->deckCount[player]++;
        -: 1343:    }
    #####: 1344:  else if (toFlag == 2)
branch  0 never executed
branch  1 never executed
        -: 1345:    {
    #####: 1346:      state->hand[ player ][ state->handCount[player] ] = supplyPos;
    #####: 1347:      state->handCount[player]++;
        -: 1348:    }
        -: 1349:  else
        -: 1350:    {
    #####: 1351:      state->discard[player][ state->discardCount[player] ] = supplyPos;
    #####: 1352:      state->discardCount[player]++;
        -: 1353:    }
        -: 1354:
        -: 1355:  //decrease number in supply pile
    #####: 1356:  state->supplyCount[supplyPos]--;
        -: 1357:
    #####: 1358:  return 0;
        -: 1359:}
        -: 1360:
function updateCoins called 2 returned 100% blocks executed 64%
        2: 1361:int updateCoins(int player, struct gameState *state, int bonus)
        -: 1362:{
        -: 1363:  int i;
        -: 1364:
        -: 1365:  //reset coin count
        2: 1366:  state->coins = 0;
        -: 1367:
        -: 1368:  //add coins for each Treasure card in player's hand
       12: 1369:  for (i = 0; i < state->handCount[player]; i++)
branch  0 taken 83%
branch  1 taken 17% (fallthrough)
        -: 1370:    {
       10: 1371:      if (state->hand[player][i] == copper)
branch  0 taken 100% (fallthrough)
branch  1 taken 0%
        -: 1372:	{
       10: 1373:	  state->coins += 1;
        -: 1374:	}
    #####: 1375:      else if (state->hand[player][i] == silver)
branch  0 never executed
branch  1 never executed
        -: 1376:	{
    #####: 1377:	  state->coins += 2;
        -: 1378:	}
    #####: 1379:      else if (state->hand[player][i] == gold)
branch  0 never executed
branch  1 never executed
        -: 1380:	{
    #####: 1381:	  state->coins += 3;
        -: 1382:	}
        -: 1383:    }
        -: 1384:
        -: 1385:  //add bonus
        2: 1386:  state->coins += bonus;
        -: 1387:
        2: 1388:  return 0;
        -: 1389:}
        -: 1390:
        -: 1391:
        -: 1392://end of dominion.c
        -: 1393:
