        -:    0:Source:dominion.c
        -:    0:Graph:dominion.gcno
        -:    0:Data:dominion.gcda
        -:    0:Runs:2
        -:    0:Programs:1
        -:    1:#include "dominion.h"
        -:    2:#include "dominion_helpers.h"
        -:    3:#include "rngs.h"
        -:    4:#include <stdio.h>
        -:    5:#include <math.h>
        -:    6:#include <stdlib.h>
        -:    7:
 70519778:    8:int compare(const void* a, const void* b) {
 70519778:    9:  if (*(int*)a > *(int*)b)
  3592016:   10:    return 1;
 66927762:   11:  if (*(int*)a < *(int*)b)
   360368:   12:    return -1;
 66567394:   13:  return 0;
        -:   14:}
        -:   15:
    #####:   16:struct gameState* newGame() {
    #####:   17:  struct gameState* g = malloc(sizeof(struct gameState));
    #####:   18:  return g;
        -:   19:}
        -:   20:
    #####:   21:int* kingdomCards(int k1, int k2, int k3, int k4, int k5, int k6, int k7,
        -:   22:		  int k8, int k9, int k10) {
    #####:   23:  int* k = malloc(10 * sizeof(int));
    #####:   24:  k[0] = k1;
    #####:   25:  k[1] = k2;
    #####:   26:  k[2] = k3;
    #####:   27:  k[3] = k4;
    #####:   28:  k[4] = k5;
    #####:   29:  k[5] = k6;
    #####:   30:  k[6] = k7;
    #####:   31:  k[7] = k8;
    #####:   32:  k[8] = k9;
    #####:   33:  k[9] = k10;
    #####:   34:  return k;
        -:   35:}
        -:   36:
        2:   37:int initializeGame(int numPlayers, int kingdomCards[10], int randomSeed,
        -:   38:		   struct gameState *state) {
        -:   39:
        -:   40:  int i;
        -:   41:  int j;
        -:   42:  int it;			
        -:   43:  //set up random number generator
        2:   44:  SelectStream(1);
        2:   45:  PutSeed((long)randomSeed);
        -:   46:  
        -:   47:  //check number of players
        2:   48:  if (numPlayers > MAX_PLAYERS || numPlayers < 2)
        -:   49:    {
    #####:   50:      return -1;
        -:   51:    }
        -:   52:
        -:   53:  //set number of players
        2:   54:  state->numPlayers = numPlayers;
        -:   55:
        -:   56:  //check selected kingdom cards are different
       22:   57:  for (i = 0; i < 10; i++)
        -:   58:    {
      220:   59:      for (j = 0; j < 10; j++)
        -:   60:        {
      200:   61:	  if (j != i && kingdomCards[j] == kingdomCards[i])
        -:   62:	    {
    #####:   63:	      return -1;
        -:   64:	    }
        -:   65:        }
        -:   66:    }
        -:   67:
        -:   68:
        -:   69:  //initialize supply
        -:   70:  ///////////////////////////////
        -:   71:
        -:   72:  //set number of Curse cards
        2:   73:  if (numPlayers == 2)
        -:   74:    {
        2:   75:      state->supplyCount[curse] = 10;
        -:   76:    }
    #####:   77:  else if (numPlayers == 3)
        -:   78:    {
    #####:   79:      state->supplyCount[curse] = 20;
        -:   80:    }
        -:   81:  else
        -:   82:    {
    #####:   83:      state->supplyCount[curse] = 30;
        -:   84:    }
        -:   85:
        -:   86:  //set number of Victory cards
        2:   87:  if (numPlayers == 2)
        -:   88:    {
        2:   89:      state->supplyCount[estate] = 8;
        2:   90:      state->supplyCount[duchy] = 8;
        2:   91:      state->supplyCount[province] = 8;
        -:   92:    }
        -:   93:  else
        -:   94:    {
    #####:   95:      state->supplyCount[estate] = 12;
    #####:   96:      state->supplyCount[duchy] = 12;
    #####:   97:      state->supplyCount[province] = 12;
        -:   98:    }
        -:   99:
        -:  100:  //set number of Treasure cards
        2:  101:  state->supplyCount[copper] = 60 - (7 * numPlayers);
        2:  102:  state->supplyCount[silver] = 40;
        2:  103:  state->supplyCount[gold] = 30;
        -:  104:
        -:  105:  //set number of Kingdom cards
       42:  106:  for (i = adventurer; i <= treasure_map; i++)       	//loop all cards
        -:  107:    {
      330:  108:      for (j = 0; j < 10; j++)           		//loop chosen cards
        -:  109:	{
      310:  110:	  if (kingdomCards[j] == i)
        -:  111:	    {
        -:  112:	      //check if card is a 'Victory' Kingdom card
       20:  113:	      if (kingdomCards[j] == great_hall || kingdomCards[j] == gardens)
        -:  114:		{
    #####:  115:		  if (numPlayers == 2){ 
    #####:  116:		    state->supplyCount[i] = 8; 
        -:  117:		  }
    #####:  118:		  else{ state->supplyCount[i] = 12; }
        -:  119:		}
        -:  120:	      else
        -:  121:		{
       20:  122:		  state->supplyCount[i] = 10;
        -:  123:		}
       20:  124:	      break;
        -:  125:	    }
        -:  126:	  else    //card is not in the set choosen for the game
        -:  127:	    {
      290:  128:	      state->supplyCount[i] = -1;
        -:  129:	    }
        -:  130:	}
        -:  131:
        -:  132:    }
        -:  133:
        -:  134:  ////////////////////////
        -:  135:  //supply intilization complete
        -:  136:
        -:  137:  //set player decks
        6:  138:  for (i = 0; i < numPlayers; i++)
        -:  139:    {
        4:  140:      state->deckCount[i] = 0;
       16:  141:      for (j = 0; j < 3; j++)
        -:  142:	{
       12:  143:	  state->deck[i][j] = estate;
       12:  144:	  state->deckCount[i]++;
        -:  145:	}
       32:  146:      for (j = 3; j < 10; j++)
        -:  147:	{
       28:  148:	  state->deck[i][j] = copper;
       28:  149:	  state->deckCount[i]++;		
        -:  150:	}
        -:  151:    }
        -:  152:
        -:  153:  //shuffle player decks
        6:  154:  for (i = 0; i < numPlayers; i++)
        -:  155:    {
        4:  156:      if ( shuffle(i, state) < 0 )
        -:  157:	{
    #####:  158:	  return -1;
        -:  159:	}
        -:  160:    }
        -:  161:
        -:  162:  //draw player hands
        6:  163:  for (i = 0; i < numPlayers; i++)
        -:  164:    {  
        -:  165:      //initialize hand size to zero
        4:  166:      state->handCount[i] = 0;
        4:  167:      state->discardCount[i] = 0;
        -:  168:      //draw 5 cards
        -:  169:      // for (j = 0; j < 5; j++)
        -:  170:      //	{
        -:  171:      //	  drawCard(i, state);
        -:  172:      //	}
        -:  173:    }
        -:  174:  
        -:  175:  //set embargo tokens to 0 for all supply piles
       56:  176:  for (i = 0; i <= treasure_map; i++)
        -:  177:    {
       54:  178:      state->embargoTokens[i] = 0;
        -:  179:    }
        -:  180:
        -:  181:  //initialize first player's turn
        2:  182:  state->outpostPlayed = 0;
        2:  183:  state->phase = 0;
        2:  184:  state->numActions = 1;
        2:  185:  state->numBuys = 1;
        2:  186:  state->playedCardCount = 0;
        2:  187:  state->whoseTurn = 0;
        2:  188:  state->handCount[state->whoseTurn] = 0;
        -:  189:  //int it; move to top
        -:  190:
        -:  191:  //Moved draw cards to here, only drawing at the start of a turn
       12:  192:  for (it = 0; it < 5; it++){
       10:  193:    drawCard(state->whoseTurn, state);
        -:  194:  }
        -:  195:
        2:  196:  updateCoins(state->whoseTurn, state, 0);
        -:  197:
        2:  198:  return 0;
        -:  199:}
        -:  200:
 36112756:  201:int shuffle(int player, struct gameState *state) {
        -:  202: 
        -:  203:
        -:  204:  int newDeck[MAX_DECK];
 36112756:  205:  int newDeckPos = 0;
        -:  206:  int card;
        -:  207:  int i;
        -:  208:
 36112756:  209:  if (state->deckCount[player] < 1)
 36072754:  210:    return -1;
    40002:  211:  qsort ((void*)(state->deck[player]), state->deckCount[player], sizeof(int), compare); 
        -:  212:  /* SORT CARDS IN DECK TO ENSURE DETERMINISM! */
        -:  213:
 16014258:  214:  while (state->deckCount[player] > 0) {
 15934254:  215:    card = floor(Random() * state->deckCount[player]);
 15934254:  216:    newDeck[newDeckPos] = state->deck[player][card];
 15934254:  217:    newDeckPos++;
1667536920:  218:    for (i = card; i < state->deckCount[player]-1; i++) {
1651602666:  219:      state->deck[player][i] = state->deck[player][i+1];
        -:  220:    }
 15934254:  221:    state->deckCount[player]--;
        -:  222:  }
 15974256:  223:  for (i = 0; i < newDeckPos; i++) {
 15934254:  224:    state->deck[player][i] = newDeck[i];
 15934254:  225:    state->deckCount[player]++;
        -:  226:  }
        -:  227:
    40002:  228:  return 0;
        -:  229:}
        -:  230:
    #####:  231:int playCard(int handPos, int choice1, int choice2, int choice3, struct gameState *state) 
        -:  232:{	
        -:  233:  int card;
    #####:  234:  int coin_bonus = 0; 		//tracks coins gain from actions
        -:  235:
        -:  236:  //check if it is the right phase
    #####:  237:  if (state->phase != 0)
        -:  238:    {
    #####:  239:      return -1;
        -:  240:    }
        -:  241:	
        -:  242:  //check if player has enough actions
    #####:  243:  if ( state->numActions < 1 )
        -:  244:    {
    #####:  245:      return -1;
        -:  246:    }
        -:  247:	
        -:  248:  //get card played
    #####:  249:  card = handCard(handPos, state);
        -:  250:	
        -:  251:  //check if selected card is an action
    #####:  252:  if ( card < adventurer || card > treasure_map )
        -:  253:    {
    #####:  254:      return -1;
        -:  255:    }
        -:  256:	
        -:  257:  //play card
    #####:  258:  if ( cardEffect(card, choice1, choice2, choice3, state, handPos, &coin_bonus) < 0 )
        -:  259:    {
    #####:  260:      return -1;
        -:  261:    }
        -:  262:	
        -:  263:  //reduce number of actions
    #####:  264:  state->numActions--;
        -:  265:
        -:  266:  //update coins (Treasure cards may be added with card draws)
    #####:  267:  updateCoins(state->whoseTurn, state, coin_bonus);
        -:  268:	
    #####:  269:  return 0;
        -:  270:}
        -:  271:
    #####:  272:int buyCard(int supplyPos, struct gameState *state) {
        -:  273:  int who;
        -:  274:  if (DEBUG){
        -:  275:    printf("Entering buyCard...\n");
        -:  276:  }
        -:  277:
        -:  278:  // I don't know what to do about the phase thing.
        -:  279:
    #####:  280:  who = state->whoseTurn;
        -:  281:
    #####:  282:  if (state->numBuys < 1){
        -:  283:    if (DEBUG)
        -:  284:      printf("You do not have any buys left\n");
    #####:  285:    return -1;
    #####:  286:  } else if (supplyCount(supplyPos, state) <1){
        -:  287:    if (DEBUG)
        -:  288:      printf("There are not any of that type of card left\n");
    #####:  289:    return -1;
    #####:  290:  } else if (state->coins < getCost(supplyPos)){
        -:  291:    if (DEBUG) 
        -:  292:      printf("You do not have enough money to buy that. You have %d coins.\n", state->coins);
    #####:  293:    return -1;
        -:  294:  } else {
    #####:  295:    state->phase=1;
        -:  296:    //state->supplyCount[supplyPos]--;
    #####:  297:    gainCard(supplyPos, state, 0, who); //card goes in discard, this might be wrong.. (2 means goes into hand, 0 goes into discard)
        -:  298:  
    #####:  299:    state->coins = (state->coins) - (getCost(supplyPos));
    #####:  300:    state->numBuys--;
        -:  301:    if (DEBUG)
        -:  302:      printf("You bought card number %d for %d coins. You now have %d buys and %d coins.\n", supplyPos, getCost(supplyPos), state->numBuys, state->coins);
        -:  303:  }
        -:  304:
        -:  305:  //state->discard[who][state->discardCount[who]] = supplyPos;
        -:  306:  //state->discardCount[who]++;
        -:  307:    
    #####:  308:  return 0;
        -:  309:}
        -:  310:
   160000:  311:int numHandCards(struct gameState *state) {
   160000:  312:  return state->handCount[ whoseTurn(state) ];
        -:  313:}
        -:  314:
    #####:  315:int handCard(int handPos, struct gameState *state) {
    #####:  316:  int currentPlayer = whoseTurn(state);
    #####:  317:  return state->hand[currentPlayer][handPos];
        -:  318:}
        -:  319:
  1040000:  320:int supplyCount(int card, struct gameState *state) {
  1040000:  321:  return state->supplyCount[card];
        -:  322:}
        -:  323:
    #####:  324:int fullDeckCount(int player, int card, struct gameState *state) {
        -:  325:  int i;
    #####:  326:  int count = 0;
        -:  327:
    #####:  328:  for (i = 0; i < state->deckCount[player]; i++)
        -:  329:    {
    #####:  330:      if (state->deck[player][i] == card) count++;
        -:  331:    }
        -:  332:
    #####:  333:  for (i = 0; i < state->handCount[player]; i++)
        -:  334:    {
    #####:  335:      if (state->hand[player][i] == card) count++;
        -:  336:    }
        -:  337:
    #####:  338:  for (i = 0; i < state->discardCount[player]; i++)
        -:  339:    {
    #####:  340:      if (state->discard[player][i] == card) count++;
        -:  341:    }
        -:  342:
    #####:  343:  return count;
        -:  344:}
        -:  345:
   200000:  346:int whoseTurn(struct gameState *state) {
   200000:  347:  return state->whoseTurn;
        -:  348:}
        -:  349:
    #####:  350:int endTurn(struct gameState *state) {
        -:  351:  int k;
        -:  352:  int i;
    #####:  353:  int currentPlayer = whoseTurn(state);
        -:  354:  
        -:  355:  //Discard hand
    #####:  356:  for (i = 0; i < state->handCount[currentPlayer]; i++){
    #####:  357:    state->discard[currentPlayer][state->discardCount[currentPlayer]++] = state->hand[currentPlayer][i];//Discard
    #####:  358:    state->hand[currentPlayer][i] = -1;//Set card to -1
        -:  359:  }
    #####:  360:  state->handCount[currentPlayer] = 0;//Reset hand count
        -:  361:    
        -:  362:  //Code for determining the player
    #####:  363:  if (currentPlayer < (state->numPlayers - 1)){ 
    #####:  364:    state->whoseTurn = currentPlayer + 1;//Still safe to increment
        -:  365:  }
        -:  366:  else{
    #####:  367:    state->whoseTurn = 0;//Max player has been reached, loop back around to player 1
        -:  368:  }
        -:  369:
    #####:  370:  state->outpostPlayed = 0;
    #####:  371:  state->phase = 0;
    #####:  372:  state->numActions = 1;
    #####:  373:  state->coins = 0;
    #####:  374:  state->numBuys = 1;
    #####:  375:  state->playedCardCount = 0;
    #####:  376:  state->handCount[state->whoseTurn] = 0;
        -:  377:
        -:  378:  //int k; move to top
        -:  379:  //Next player draws hand
    #####:  380:  for (k = 0; k < 5; k++){
    #####:  381:    drawCard(state->whoseTurn, state);//Draw a card
        -:  382:  }
        -:  383:
        -:  384:  //Update money
    #####:  385:  updateCoins(state->whoseTurn, state , 0);
        -:  386:
    #####:  387:  return 0;
        -:  388:}
        -:  389:
    #####:  390:int isGameOver(struct gameState *state) {
        -:  391:  int i;
        -:  392:  int j;
        -:  393:	
        -:  394:  //if stack of Province cards is empty, the game ends
    #####:  395:  if (state->supplyCount[province] == 0)
        -:  396:    {
    #####:  397:      return 1;
        -:  398:    }
        -:  399:
        -:  400:  //if three supply pile are at 0, the game ends
    #####:  401:  j = 0;
    #####:  402:  for (i = 0; i < 25; i++)
        -:  403:    {
    #####:  404:      if (state->supplyCount[i] == 0)
        -:  405:	{
    #####:  406:	  j++;
        -:  407:	}
        -:  408:    }
    #####:  409:  if ( j >= 3)
        -:  410:    {
    #####:  411:      return 1;
        -:  412:    }
        -:  413:
    #####:  414:  return 0;
        -:  415:}
        -:  416:
    #####:  417:int scoreFor (int player, struct gameState *state) {
        -:  418:
        -:  419:  int i;
    #####:  420:  int score = 0;
        -:  421:  //score from hand
    #####:  422:  for (i = 0; i < state->handCount[player]; i++)
        -:  423:    {
    #####:  424:      if (state->hand[player][i] == curse) { score = score - 1; };
    #####:  425:      if (state->hand[player][i] == estate) { score = score + 1; };
    #####:  426:      if (state->hand[player][i] == duchy) { score = score + 3; };
    #####:  427:      if (state->hand[player][i] == province) { score = score + 6; };
    #####:  428:      if (state->hand[player][i] == great_hall) { score = score + 1; };
    #####:  429:      if (state->hand[player][i] == gardens) { score = score + ( fullDeckCount(player, 0, state) / 10 ); };
        -:  430:    }
        -:  431:
        -:  432:  //score from discard
    #####:  433:  for (i = 0; i < state->discardCount[player]; i++)
        -:  434:    {
    #####:  435:      if (state->discard[player][i] == curse) { score = score - 1; };
    #####:  436:      if (state->discard[player][i] == estate) { score = score + 1; };
    #####:  437:      if (state->discard[player][i] == duchy) { score = score + 3; };
    #####:  438:      if (state->discard[player][i] == province) { score = score + 6; };
    #####:  439:      if (state->discard[player][i] == great_hall) { score = score + 1; };
    #####:  440:      if (state->discard[player][i] == gardens) { score = score + ( fullDeckCount(player, 0, state) / 10 ); };
        -:  441:    }
        -:  442:
        -:  443:  //score from deck
    #####:  444:  for (i = 0; i < state->discardCount[player]; i++)
        -:  445:    {
    #####:  446:      if (state->deck[player][i] == curse) { score = score - 1; };
    #####:  447:      if (state->deck[player][i] == estate) { score = score + 1; };
    #####:  448:      if (state->deck[player][i] == duchy) { score = score + 3; };
    #####:  449:      if (state->deck[player][i] == province) { score = score + 6; };
    #####:  450:      if (state->deck[player][i] == great_hall) { score = score + 1; };
    #####:  451:      if (state->deck[player][i] == gardens) { score = score + ( fullDeckCount(player, 0, state) / 10 ); };
        -:  452:    }
        -:  453:
    #####:  454:  return score;
        -:  455:}
        -:  456:
    #####:  457:int getWinners(int players[MAX_PLAYERS], struct gameState *state) {
        -:  458:  int i;	
        -:  459:  int j;
        -:  460:  int highScore;
        -:  461:  int currentPlayer;
        -:  462:
        -:  463:  //get score for each player
    #####:  464:  for (i = 0; i < MAX_PLAYERS; i++)
        -:  465:    {
        -:  466:      //set unused player scores to -9999
    #####:  467:      if (i >= state->numPlayers)
        -:  468:	{
    #####:  469:	  players[i] = -9999;
        -:  470:	}
        -:  471:      else
        -:  472:	{
    #####:  473:	  players[i] = scoreFor (i, state);
        -:  474:	}
        -:  475:    }
        -:  476:
        -:  477:  //find highest score
    #####:  478:  j = 0;
    #####:  479:  for (i = 0; i < MAX_PLAYERS; i++)
        -:  480:    {
    #####:  481:      if (players[i] > players[j])
        -:  482:	{
    #####:  483:	  j = i;
        -:  484:	}
        -:  485:    }
    #####:  486:  highScore = players[j];
        -:  487:
        -:  488:  //add 1 to players who had less turns
    #####:  489:  currentPlayer = whoseTurn(state);
    #####:  490:  for (i = 0; i < MAX_PLAYERS; i++)
        -:  491:    {
    #####:  492:      if ( players[i] == highScore && i > currentPlayer )
        -:  493:	{
    #####:  494:	  players[i]++;
        -:  495:	}
        -:  496:    }
        -:  497:
        -:  498:  //find new highest score
    #####:  499:  j = 0;
    #####:  500:  for (i = 0; i < MAX_PLAYERS; i++)
        -:  501:    {
    #####:  502:      if ( players[i] > players[j] )
        -:  503:	{
    #####:  504:	  j = i;
        -:  505:	}
        -:  506:    }
    #####:  507:  highScore = players[j];
        -:  508:
        -:  509:  //set winners in array to 1 and rest to 0
    #####:  510:  for (i = 0; i < MAX_PLAYERS; i++)
        -:  511:    {
    #####:  512:      if ( players[i] == highScore )
        -:  513:	{
    #####:  514:	  players[i] = 1;
        -:  515:	}
        -:  516:      else
        -:  517:	{
    #####:  518:	  players[i] = 0;
        -:  519:	}
        -:  520:    }
        -:  521:
    #####:  522:  return 0;
        -:  523:}
        -:  524:
 39963490:  525:int drawCard(int player, struct gameState *state)
        -:  526:{	int count;
        -:  527:  int deckCounter;
 39963490:  528:  if (state->deckCount[player] <= 0){//Deck is empty
        -:  529:    
        -:  530:    //Step 1 Shuffle the discard pile back into a deck
        -:  531:    int i;
        -:  532:    //Move discard to deck
 40003448:  533:    for (i = 0; i < state->discardCount[player];i++){
 15934214:  534:      state->deck[player][i] = state->discard[player][i];
 15934214:  535:      state->discard[player][i] = -1;
        -:  536:    }
        -:  537:
 24069234:  538:    state->deckCount[player] = state->discardCount[player];
 24069234:  539:    state->discardCount[player] = 0;//Reset discard
        -:  540:
        -:  541:    //Shufffle the deck
 24069234:  542:    shuffle(player, state);//Shuffle the deck up and make it so that we can draw
        -:  543:   
        -:  544:    if (DEBUG){//Debug statements
        -:  545:      printf("Deck count now: %d\n", state->deckCount[player]);
        -:  546:    }
        -:  547:    
 24069234:  548:    state->discardCount[player] = 0;
        -:  549:
        -:  550:    //Step 2 Draw Card
 24069234:  551:    count = state->handCount[player];//Get current player's hand count
        -:  552:    
        -:  553:    if (DEBUG){//Debug statements
        -:  554:      printf("Current hand count: %d\n", count);
        -:  555:    }
        -:  556:    
 24069234:  557:    deckCounter = state->deckCount[player];//Create a holder for the deck count
        -:  558:
 24069234:  559:    if (deckCounter == 0)
 24029236:  560:      return -1;
        -:  561:
    39998:  562:    state->hand[player][count] = state->deck[player][deckCounter - 1];//Add card to hand
    39998:  563:    state->deckCount[player]--;
    39998:  564:    state->handCount[player]++;//Increment hand count
        -:  565:  }
        -:  566:
        -:  567:  else{
 15894256:  568:    int count = state->handCount[player];//Get current hand count for player
        -:  569:    int deckCounter;
        -:  570:    if (DEBUG){//Debug statements
        -:  571:      printf("Current hand count: %d\n", count);
        -:  572:    }
        -:  573:
 15894256:  574:    deckCounter = state->deckCount[player];//Create holder for the deck count
 15894256:  575:    state->hand[player][count] = state->deck[player][deckCounter - 1];//Add card to the hand
 15894256:  576:    state->deckCount[player]--;
 15894256:  577:    state->handCount[player]++;//Increment hand count
        -:  578:  }
        -:  579:
 15934254:  580:  return 0;
        -:  581:}
        -:  582:
    #####:  583:int getCost(int cardNumber)
        -:  584:{
    #####:  585:  switch( cardNumber ) 
        -:  586:    {
        -:  587:    case curse:
    #####:  588:      return 0;
        -:  589:    case estate:
    #####:  590:      return 2;
        -:  591:    case duchy:
    #####:  592:      return 5;
        -:  593:    case province:
    #####:  594:      return 8;
        -:  595:    case copper:
    #####:  596:      return 0;
        -:  597:    case silver:
    #####:  598:      return 3;
        -:  599:    case gold:
    #####:  600:      return 6;
        -:  601:    case adventurer:
    #####:  602:      return 6;
        -:  603:    case council_room:
    #####:  604:      return 5;
        -:  605:    case feast:
    #####:  606:      return 4;
        -:  607:    case gardens:
    #####:  608:      return 4;
        -:  609:    case mine:
    #####:  610:      return 5;
        -:  611:    case remodel:
    #####:  612:      return 4;
        -:  613:    case smithy:
    #####:  614:      return 4;
        -:  615:    case village:
    #####:  616:      return 3;
        -:  617:    case baron:
    #####:  618:      return 4;
        -:  619:    case great_hall:
    #####:  620:      return 3;
        -:  621:    case minion:
    #####:  622:      return 5;
        -:  623:    case steward:
    #####:  624:      return 3;
        -:  625:    case tribute:
    #####:  626:      return 5;
        -:  627:    case ambassador:
    #####:  628:      return 3;
        -:  629:    case cutpurse:
    #####:  630:      return 4;
        -:  631:    case embargo: 
    #####:  632:      return 2;
        -:  633:    case outpost:
    #####:  634:      return 5;
        -:  635:    case salvager:
    #####:  636:      return 4;
        -:  637:    case sea_hag:
    #####:  638:      return 4;
        -:  639:    case treasure_map:
    #####:  640:      return 4;
        -:  641:    }
        -:  642:	
    #####:  643:  return -1;
        -:  644:}
    40000:  645:int adventurer_(struct gameState *state)
        -:  646:{
    40000:  647:	int currentPlayer_ = whoseTurn(state);
    40000:  648:        int drawntreasure_=0;
        -:  649:        int cardDrawn;
        -:  650:        int temphand_[MAX_HAND];
    40000:  651:        int z = 0;
 20061740:  652:	while(drawntreasure_<2){
 19981740:  653:		if (state->deckCount[currentPlayer_] <1){//if the deck is empty we need to shuffle discard and add to deck
 12043518:  654:		  shuffle(currentPlayer_, state);
        -:  655:		}
 19981740:  656:		drawCard(currentPlayer_, state);
        -:  657:		//introduced bug, the program draws an extra card
 19981740:  658:		drawCard(currentPlayer_, state);
 19981740:  659:		cardDrawn = state->hand[currentPlayer_][state->handCount[currentPlayer_]-1];//top card of hand is most recently drawn card.
 19981740:  660:		if (cardDrawn == copper || cardDrawn == silver || cardDrawn == gold)
    80000:  661:		  drawntreasure_++;
        -:  662:		else{
 19901740:  663:		  temphand_[z]=cardDrawn;
 19901740:  664:		  state->handCount[currentPlayer_]--; //this should just remove the top card (the most recently drawn one).
 19901740:  665:		  z++;
        -:  666:		}
        -:  667:      }
 16014896:  668:      while(z-1>=0){
 15934896:  669:		state->discard[currentPlayer_][state->discardCount[currentPlayer_]++]=temphand_[z-1]; // discard all cards in play that have been drawn
 15934896:  670:		z=z-1;
        -:  671:      }
    40000:  672:	return 0;
        -:  673:}
    #####:  674:int smithy_(int currentPlayer_, int handPos_, struct gameState *state)
        -:  675:{ 
        -:  676:	int i;
    #####:  677:	for (i = 0; i < 3; i++)
        -:  678:	{
    #####:  679:	  drawCard(currentPlayer_, state);
        -:  680:	}		
        -:  681:      //discard card from hand
    #####:  682:      discardCard(handPos_, currentPlayer_, state, 0);
        -:  683:	  //introduced bug, discard extra card.
    #####:  684:	  discardCard(handPos_, currentPlayer_, state, 0);
    #####:  685:      return 0;
        -:  686:}
    #####:  687:int salvager_(int currentPlayer_, int choice1_, int handPos_,  struct gameState *state) 
        -:  688:{
    #####:  689:	state->numBuys++;
        -:  690:			
    #####:  691:    if (choice1_)
        -:  692:	{
        -:  693:	  //gain coins equal to trashed card
    #####:  694:	  state->coins = state->coins + getCost( handCard(choice1_, state) );
        -:  695:	  //trash card
    #####:  696:	  discardCard(choice1_, currentPlayer_, state, 1);	
        -:  697:	  //introduced bug
    #####:  698:	  discardCard(choice1_, currentPlayer_, state, 1);
        -:  699:	}
        -:  700:			
        -:  701:      //discard card
    #####:  702:      discardCard(handPos_, currentPlayer_, state, 0);
    #####:  703:      return 0;
        -:  704:}
    #####:  705:int village_(int currentPlayer_, int handPos_, struct gameState *state)
        -:  706:{
    #####:  707:	drawCard(currentPlayer_, state);
        -:  708:			
        -:  709:      //+2 Actions
    #####:  710:      state->numActions = state->numActions + 2;
        -:  711:			
        -:  712:      //discard played card from hand
    #####:  713:      discardCard(handPos_, currentPlayer_, state, 0);
    #####:  714:      return 0;
        -:  715:}
    #####:  716:int steward_(int currentPlayer_, int choice1_, int choice2_, int choice3_, int handPos_, struct gameState *state)
        -:  717:{
    #####:  718:	if (choice1_ == 1)
        -:  719:		{
        -:  720:		  //+2 cards
    #####:  721:		  drawCard(currentPlayer_, state);
    #####:  722:		  drawCard(currentPlayer_, state);
        -:  723:		}
    #####:  724:		  else if (choice1_ == 2)
        -:  725:		{
        -:  726:		  //+2 coins
    #####:  727:		  state->coins = state->coins + 2;
        -:  728:		  // introduced bug, draw 2 extra coins
    #####:  729:		  state->coins = state->coins + 2; 
        -:  730:		}
        -:  731:		  else
        -:  732:		{
        -:  733:		  //trash 2 cards in hand
    #####:  734:		  discardCard(choice2_, currentPlayer_, state, 1);
    #####:  735:		  discardCard(choice3_, currentPlayer_, state, 1);
        -:  736:		}
        -:  737:
        -:  738:		  //discard card from hand
    #####:  739:		  discardCard(handPos_, currentPlayer_, state, 0);
    #####:  740:		  return 0;
        -:  741:}
    #####:  742:int cardEffect(int card, int choice1, int choice2, int choice3, struct gameState *state, int handPos, int *bonus)
        -:  743:{
        -:  744:  int i;
        -:  745:  int j;
        -:  746:  int k;
        -:  747:  int x;
        -:  748:  int index;
    #####:  749:  int currentPlayer = whoseTurn(state);
    #####:  750:  int nextPlayer = currentPlayer + 1;
    #####:  751:  int tributeRevealedCards[2] = {-1, -1};
        -:  752:  int temphand[MAX_HAND];// moved above the if statement
    #####:  753:  if (nextPlayer > (state->numPlayers - 1)){
    #####:  754:    nextPlayer = 0;
        -:  755:  }
        -:  756:  
        -:  757:	
        -:  758:  //uses switch to select card and perform actions
    #####:  759:  switch( card ) 
        -:  760:    {
        -:  761:    case adventurer:
    #####:  762:		return adventurer_(state);
        -:  763:    
        -:  764:			
        -:  765:    case council_room:
        -:  766:      //+4 Cards
    #####:  767:		for (i = 0; i < 4; i++)
        -:  768:		{
    #####:  769:			drawCard(currentPlayer, state);
        -:  770:		}
        -:  771:			
        -:  772:      //+1 Buy
    #####:  773:      state->numBuys++;
        -:  774:			
        -:  775:      //Each other player draws a card
    #####:  776:      for (i = 0; i < state->numPlayers; i++)
        -:  777:	  {
    #####:  778:	   if ( i != currentPlayer )
        -:  779:	    {
    #####:  780:	      drawCard(i, state);
        -:  781:	    }
        -:  782:	  }
        -:  783:			
        -:  784:      //put played card in played card pile
    #####:  785:      discardCard(handPos, currentPlayer, state, 0);
        -:  786:			
    #####:  787:      return 0;
        -:  788:			
        -:  789:    case feast:
        -:  790:      //gain card with cost up to 5
        -:  791:      //Backup hand
    #####:  792:      for (i = 0; i <= state->handCount[currentPlayer]; i++){
    #####:  793:	temphand[i] = state->hand[currentPlayer][i];//Backup card
    #####:  794:	state->hand[currentPlayer][i] = -1;//Set to nothing
        -:  795:      }
        -:  796:      //Backup hand
        -:  797:
        -:  798:      //Update Coins for Buy
    #####:  799:      updateCoins(currentPlayer, state, 5);
    #####:  800:      x = 1;//Condition to loop on
    #####:  801:      while( x == 1) {//Buy one card
    #####:  802:	if (supplyCount(choice1, state) <= 0){
        -:  803:	  if (DEBUG)
        -:  804:	    printf("None of that card left, sorry!\n");
        -:  805:
        -:  806:	  if (DEBUG){
        -:  807:	    printf("Cards Left: %d\n", supplyCount(choice1, state));
        -:  808:	  }
        -:  809:	}
    #####:  810:	else if (state->coins < getCost(choice1)){
    #####:  811:	  printf("That card is too expensive!\n");
        -:  812:
        -:  813:	  if (DEBUG){
        -:  814:	    printf("Coins: %d < %d\n", state->coins, getCost(choice1));
        -:  815:	  }
        -:  816:	}
        -:  817:	else{
        -:  818:
        -:  819:	  if (DEBUG){
        -:  820:	    printf("Deck Count: %d\n", state->handCount[currentPlayer] + state->deckCount[currentPlayer] + state->discardCount[currentPlayer]);
        -:  821:	  }
        -:  822:
    #####:  823:	  gainCard(choice1, state, 0, currentPlayer);//Gain the card
    #####:  824:	  x = 0;//No more buying cards
        -:  825:
        -:  826:	  if (DEBUG){
        -:  827:	    printf("Deck Count: %d\n", state->handCount[currentPlayer] + state->deckCount[currentPlayer] + state->discardCount[currentPlayer]);
        -:  828:	  }
        -:  829:
        -:  830:	}
        -:  831:      }     
        -:  832:
        -:  833:      //Reset Hand
    #####:  834:      for (i = 0; i <= state->handCount[currentPlayer]; i++){
    #####:  835:	state->hand[currentPlayer][i] = temphand[i];
    #####:  836:	temphand[i] = -1;
        -:  837:      }
        -:  838:      //Reset Hand
        -:  839:      			
    #####:  840:      return 0;
        -:  841:			
        -:  842:    case gardens:
    #####:  843:      return -1;
        -:  844:			
        -:  845:    case mine:
    #####:  846:      j = state->hand[currentPlayer][choice1];  //store card we will trash
        -:  847:
    #####:  848:      if (state->hand[currentPlayer][choice1] < copper || state->hand[currentPlayer][choice1] > gold)
        -:  849:	{
    #####:  850:	  return -1;
        -:  851:	}
        -:  852:		
    #####:  853:      if (choice2 > treasure_map || choice2 < curse)
        -:  854:	{
    #####:  855:	  return -1;
        -:  856:	}
        -:  857:
    #####:  858:      if ( (getCost(state->hand[currentPlayer][choice1]) + 3) > getCost(choice2) )
        -:  859:	{
    #####:  860:	  return -1;
        -:  861:	}
        -:  862:
    #####:  863:      gainCard(choice2, state, 2, currentPlayer);
        -:  864:
        -:  865:      //discard card from hand
    #####:  866:      discardCard(handPos, currentPlayer, state, 0);
        -:  867:
        -:  868:      //discard trashed card
    #####:  869:      for (i = 0; i < state->handCount[currentPlayer]; i++)
        -:  870:	{
    #####:  871:	  if (state->hand[currentPlayer][i] == j)
        -:  872:	    {
    #####:  873:	      discardCard(i, currentPlayer, state, 0);			
    #####:  874:	      break;
        -:  875:	    }
        -:  876:	}
        -:  877:			
    #####:  878:      return 0;
        -:  879:			
        -:  880:    case remodel:
    #####:  881:      j = state->hand[currentPlayer][choice1];  //store card we will trash
        -:  882:
    #####:  883:      if ( (getCost(state->hand[currentPlayer][choice1]) + 2) > getCost(choice2) )
        -:  884:	{
    #####:  885:	  return -1;
        -:  886:	}
        -:  887:
    #####:  888:      gainCard(choice2, state, 0, currentPlayer);
        -:  889:
        -:  890:      //discard card from hand
    #####:  891:      discardCard(handPos, currentPlayer, state, 0);
        -:  892:
        -:  893:      //discard trashed card
    #####:  894:      for (i = 0; i < state->handCount[currentPlayer]; i++)
        -:  895:	{
    #####:  896:	  if (state->hand[currentPlayer][i] == j)
        -:  897:	    {
    #####:  898:	      discardCard(i, currentPlayer, state, 0);			
    #####:  899:	      break;
        -:  900:	    }
        -:  901:	}
        -:  902:
        -:  903:
    #####:  904:      return 0;
        -:  905:		
        -:  906:    case smithy:
        -:  907:      //+3 Cards
    #####:  908:		return smithy_(currentPlayer, handPos, state);
        -:  909:		
        -:  910:    case village:
        -:  911:      //+1 Card
    #####:  912:		return village_(currentPlayer, handPos, state);
        -:  913:		
        -:  914:    case baron:
    #####:  915:      state->numBuys++;//Increase buys by 1!
    #####:  916:      if (choice1 > 0){//Boolean true or going to discard an estate
    #####:  917:	int p = 0;//Iterator for hand!
    #####:  918:	int card_not_discarded = 1;//Flag for discard set!
    #####:  919:	while(card_not_discarded){
    #####:  920:	  if (state->hand[currentPlayer][p] == estate){//Found an estate card!
    #####:  921:	    state->coins += 4;//Add 4 coins to the amount of coins
    #####:  922:	    state->discard[currentPlayer][state->discardCount[currentPlayer]] = state->hand[currentPlayer][p];
    #####:  923:	    state->discardCount[currentPlayer]++;
    #####:  924:	    for (;p < state->handCount[currentPlayer]; p++){
    #####:  925:	      state->hand[currentPlayer][p] = state->hand[currentPlayer][p+1];
        -:  926:	    }
    #####:  927:	    state->hand[currentPlayer][state->handCount[currentPlayer]] = -1;
    #####:  928:	    state->handCount[currentPlayer]--;
    #####:  929:	    card_not_discarded = 0;//Exit the loop
        -:  930:	  }
    #####:  931:	  else if (p > state->handCount[currentPlayer]){
        -:  932:	    if(DEBUG) {
        -:  933:	      printf("No estate cards in your hand, invalid choice\n");
        -:  934:	      printf("Must gain an estate if there are any\n");
        -:  935:	    }
    #####:  936:	    if (supplyCount(estate, state) > 0){
    #####:  937:	      gainCard(estate, state, 0, currentPlayer);
    #####:  938:	      state->supplyCount[estate]--;//Decrement estates
    #####:  939:	      if (supplyCount(estate, state) == 0){
    #####:  940:		isGameOver(state);
        -:  941:	      }
        -:  942:	    }
    #####:  943:	    card_not_discarded = 0;//Exit the loop
        -:  944:	  }
        -:  945:			    
        -:  946:	  else{
    #####:  947:	    p++;//Next card
        -:  948:	  }
        -:  949:	}
        -:  950:      }
        -:  951:			    
        -:  952:      else{
    #####:  953:	if (supplyCount(estate, state) > 0){
    #####:  954:	  gainCard(estate, state, 0, currentPlayer);//Gain an estate
    #####:  955:	  state->supplyCount[estate]--;//Decrement Estates
    #####:  956:	  if (supplyCount(estate, state) == 0){
    #####:  957:	    isGameOver(state);
        -:  958:	  }
        -:  959:	}
        -:  960:      }
        -:  961:	    
        -:  962:      
    #####:  963:      return 0;
        -:  964:		
        -:  965:    case great_hall:
        -:  966:      //+1 Card
    #####:  967:      drawCard(currentPlayer, state);
        -:  968:			
        -:  969:      //+1 Actions
    #####:  970:      state->numActions++;
        -:  971:			
        -:  972:      //discard card from hand
    #####:  973:      discardCard(handPos, currentPlayer, state, 0);
    #####:  974:      return 0;
        -:  975:		
        -:  976:    case minion:
        -:  977:      //+1 action
    #####:  978:      state->numActions++;
        -:  979:			
        -:  980:      //discard card from hand
    #####:  981:      discardCard(handPos, currentPlayer, state, 0);
        -:  982:			
    #####:  983:      if (choice1)		//+2 coins
        -:  984:	{
    #####:  985:	  state->coins = state->coins + 2;
        -:  986:	}
        -:  987:			
    #####:  988:      else if (choice2)		//discard hand, redraw 4, other players with 5+ cards discard hand and draw 4
        -:  989:	{
        -:  990:	  //discard hand
    #####:  991:	  while(numHandCards(state) > 0)
        -:  992:	    {
    #####:  993:	      discardCard(handPos, currentPlayer, state, 0);
        -:  994:	    }
        -:  995:				
        -:  996:	  //draw 4
    #####:  997:	  for (i = 0; i < 4; i++)
        -:  998:	    {
    #####:  999:	      drawCard(currentPlayer, state);
        -: 1000:	    }
        -: 1001:				
        -: 1002:	  //other players discard hand and redraw if hand size > 4
    #####: 1003:	  for (i = 0; i < state->numPlayers; i++)
        -: 1004:	    {
    #####: 1005:	      if (i != currentPlayer)
        -: 1006:		{
    #####: 1007:		  if ( state->handCount[i] > 4 )
        -: 1008:		    {
        -: 1009:		      //discard hand
    #####: 1010:		      while( state->handCount[i] > 0 )
        -: 1011:			{
    #####: 1012:			  discardCard(handPos, i, state, 0);
        -: 1013:			}
        -: 1014:							
        -: 1015:		      //draw 4
    #####: 1016:		      for (j = 0; j < 4; j++)
        -: 1017:			{
    #####: 1018:			  drawCard(i, state);
        -: 1019:			}
        -: 1020:		    }
        -: 1021:		}
        -: 1022:	    }
        -: 1023:				
        -: 1024:	}
    #####: 1025:      return 0;
        -: 1026:		
        -: 1027:    case steward:
    #####: 1028:		return steward_(currentPlayer, choice1, choice2, choice3, handPos, state);
        -: 1029:		
        -: 1030:    case tribute:
    #####: 1031:      if ((state->discardCount[nextPlayer] + state->deckCount[nextPlayer]) <= 1){
    #####: 1032:	if (state->deckCount[nextPlayer] > 0){
    #####: 1033:	  tributeRevealedCards[0] = state->deck[nextPlayer][state->deckCount[nextPlayer]-1];
    #####: 1034:	  state->deckCount[nextPlayer]--;
        -: 1035:	}
    #####: 1036:	else if (state->discardCount[nextPlayer] > 0){
    #####: 1037:	  tributeRevealedCards[0] = state->discard[nextPlayer][state->discardCount[nextPlayer]-1];
    #####: 1038:	  state->discardCount[nextPlayer]--;
        -: 1039:	}
        -: 1040:	else{
        -: 1041:	  //No Card to Reveal
        -: 1042:	  if (DEBUG){
        -: 1043:	    printf("No cards to reveal\n");
        -: 1044:	  }
        -: 1045:	}
        -: 1046:      }
        -: 1047:	    
        -: 1048:      else{
    #####: 1049:	if (state->deckCount[nextPlayer] == 0){
    #####: 1050:	  for (i = 0; i < state->discardCount[nextPlayer]; i++){
    #####: 1051:	    state->deck[nextPlayer][i] = state->discard[nextPlayer][i];//Move to deck
    #####: 1052:	    state->deckCount[nextPlayer]++;
    #####: 1053:	    state->discard[nextPlayer][i] = -1;
    #####: 1054:	    state->discardCount[nextPlayer]--;
        -: 1055:	  }
        -: 1056:			    
    #####: 1057:	  shuffle(nextPlayer,state);//Shuffle the deck
        -: 1058:	} 
    #####: 1059:	tributeRevealedCards[0] = state->deck[nextPlayer][state->deckCount[nextPlayer]-1];
    #####: 1060:	state->deck[nextPlayer][state->deckCount[nextPlayer]--] = -1;
    #####: 1061:	state->deckCount[nextPlayer]--;
    #####: 1062:	tributeRevealedCards[1] = state->deck[nextPlayer][state->deckCount[nextPlayer]-1];
    #####: 1063:	state->deck[nextPlayer][state->deckCount[nextPlayer]--] = -1;
    #####: 1064:	state->deckCount[nextPlayer]--;
        -: 1065:      }    
        -: 1066:		       
    #####: 1067:      if (tributeRevealedCards[0] == tributeRevealedCards[1]){//If we have a duplicate card, just drop one 
    #####: 1068:	state->playedCards[state->playedCardCount] = tributeRevealedCards[1];
    #####: 1069:	state->playedCardCount++;
    #####: 1070:	tributeRevealedCards[1] = -1;
        -: 1071:      }
        -: 1072:
    #####: 1073:      for (i = 0; i <= 2; i ++){
    #####: 1074:	if (tributeRevealedCards[i] == copper || tributeRevealedCards[i] == silver || tributeRevealedCards[i] == gold){//Treasure cards
    #####: 1075:	  state->coins += 2;
        -: 1076:	}
        -: 1077:		    
    #####: 1078:	else if (tributeRevealedCards[i] == estate || tributeRevealedCards[i] == duchy || tributeRevealedCards[i] == province || tributeRevealedCards[i] == gardens || tributeRevealedCards[i] == great_hall){//Victory Card Found
    #####: 1079:	  drawCard(currentPlayer, state);
    #####: 1080:	  drawCard(currentPlayer, state);
        -: 1081:	}
        -: 1082:	else{//Action Card
    #####: 1083:	  state->numActions = state->numActions + 2;
        -: 1084:	}
        -: 1085:      }
        -: 1086:	    
    #####: 1087:      return 0;
        -: 1088:		
        -: 1089:    case ambassador:
    #####: 1090:      j = 0;		//used to check if player has enough cards to discard
        -: 1091:
    #####: 1092:      if (choice2 > 2 || choice2 < 0)
        -: 1093:	{
    #####: 1094:	  return -1;				
        -: 1095:	}
        -: 1096:
    #####: 1097:      if (choice1 == handPos)
        -: 1098:	{
    #####: 1099:	  return -1;
        -: 1100:	}
        -: 1101:
    #####: 1102:      for (i = 0; i < state->handCount[currentPlayer]; i++)
        -: 1103:	{
    #####: 1104:	  if (i != handPos && i == state->hand[currentPlayer][choice1] && i != choice1)
        -: 1105:	    {
    #####: 1106:	      j++;
        -: 1107:	    }
        -: 1108:	}
    #####: 1109:      if (j < choice2)
        -: 1110:	{
    #####: 1111:	  return -1;				
        -: 1112:	}
        -: 1113:
        -: 1114:      if (DEBUG) 
        -: 1115:	printf("Player %d reveals card number: %d\n", currentPlayer, state->hand[currentPlayer][choice1]);
        -: 1116:
        -: 1117:      //increase supply count for choosen card by amount being discarded
    #####: 1118:      state->supplyCount[state->hand[currentPlayer][choice1]] += choice2;
        -: 1119:			
        -: 1120:      //each other player gains a copy of revealed card
    #####: 1121:      for (i = 0; i < state->numPlayers; i++)
        -: 1122:	{
    #####: 1123:	  if (i != currentPlayer)
        -: 1124:	    {
    #####: 1125:	      gainCard(state->hand[currentPlayer][choice1], state, 0, i);
        -: 1126:	    }
        -: 1127:	}
        -: 1128:
        -: 1129:      //discard played card from hand
    #####: 1130:      discardCard(handPos, currentPlayer, state, 0);			
        -: 1131:
        -: 1132:      //trash copies of cards returned to supply
    #####: 1133:      for (j = 0; j < choice2; j++)
        -: 1134:	{
    #####: 1135:	  for (i = 0; i < state->handCount[currentPlayer]; i++)
        -: 1136:	    {
    #####: 1137:	      if (state->hand[currentPlayer][i] == state->hand[currentPlayer][choice1])
        -: 1138:		{
    #####: 1139:		  discardCard(i, currentPlayer, state, 1);
    #####: 1140:		  break;
        -: 1141:		}
        -: 1142:	    }
        -: 1143:	}			
        -: 1144:
    #####: 1145:      return 0;
        -: 1146:		
        -: 1147:    case cutpurse:
        -: 1148:
    #####: 1149:      updateCoins(currentPlayer, state, 2);
    #####: 1150:      for (i = 0; i < state->numPlayers; i++)
        -: 1151:	{
    #####: 1152:	  if (i != currentPlayer)
        -: 1153:	    {
    #####: 1154:	      for (j = 0; j < state->handCount[i]; j++)
        -: 1155:		{
    #####: 1156:		  if (state->hand[i][j] == copper)
        -: 1157:		    {
    #####: 1158:		      discardCard(j, i, state, 0);
    #####: 1159:		      break;
        -: 1160:		    }
    #####: 1161:		  if (j == state->handCount[i])
        -: 1162:		    {
    #####: 1163:		      for (k = 0; k < state->handCount[i]; k++)
        -: 1164:			{
        -: 1165:			  if (DEBUG)
        -: 1166:			    printf("Player %d reveals card number %d\n", i, state->hand[i][k]);
        -: 1167:			}	
    #####: 1168:		      break;
        -: 1169:		    }		
        -: 1170:		}
        -: 1171:					
        -: 1172:	    }
        -: 1173:				
        -: 1174:	}				
        -: 1175:
        -: 1176:      //discard played card from hand
    #####: 1177:      discardCard(handPos, currentPlayer, state, 0);			
        -: 1178:
    #####: 1179:      return 0;
        -: 1180:
        -: 1181:		
        -: 1182:    case embargo: 
        -: 1183:      //+2 Coins
    #####: 1184:      state->coins = state->coins + 2;
        -: 1185:			
        -: 1186:      //see if selected pile is in play
    #####: 1187:      if ( state->supplyCount[choice1] == -1 )
        -: 1188:	{
    #####: 1189:	  return -1;
        -: 1190:	}
        -: 1191:			
        -: 1192:      //add embargo token to selected supply pile
    #####: 1193:      state->embargoTokens[choice1]++;
        -: 1194:			
        -: 1195:      //trash card
    #####: 1196:      discardCard(handPos, currentPlayer, state, 1);		
    #####: 1197:      return 0;
        -: 1198:		
        -: 1199:    case outpost:
        -: 1200:      //set outpost flag
    #####: 1201:      state->outpostPlayed++;
        -: 1202:			
        -: 1203:      //discard card
    #####: 1204:      discardCard(handPos, currentPlayer, state, 0);
    #####: 1205:      return 0;
        -: 1206:		
        -: 1207:    case salvager:
        -: 1208:      //+1 buy
    #####: 1209:		return salvager_(currentPlayer, choice1, handPos, state);
        -: 1210:		
        -: 1211:    case sea_hag:
    #####: 1212:      for (i = 0; i < state->numPlayers; i++){
    #####: 1213:	if (i != currentPlayer){
    #####: 1214:	  state->discard[i][state->discardCount[i]] = state->deck[i][state->deckCount[i]--];			    state->deckCount[i]--;
    #####: 1215:	  state->discardCount[i]++;
    #####: 1216:	  state->deck[i][state->deckCount[i]--] = curse;//Top card now a curse
        -: 1217:	}
        -: 1218:      }
    #####: 1219:      return 0;
        -: 1220:		
        -: 1221:    case treasure_map:
        -: 1222:      //search hand for another treasure_map
    #####: 1223:      index = -1;
    #####: 1224:      for (i = 0; i < state->handCount[currentPlayer]; i++)
        -: 1225:	{
    #####: 1226:	  if (state->hand[currentPlayer][i] == treasure_map && i != handPos)
        -: 1227:	    {
    #####: 1228:	      index = i;
    #####: 1229:	      break;
        -: 1230:	    }
        -: 1231:	}
    #####: 1232:      if (index > -1)
        -: 1233:	{
        -: 1234:	  //trash both treasure cards
    #####: 1235:	  discardCard(handPos, currentPlayer, state, 1);
    #####: 1236:	  discardCard(index, currentPlayer, state, 1);
        -: 1237:
        -: 1238:	  //gain 4 Gold cards
    #####: 1239:	  for (i = 0; i < 4; i++)
        -: 1240:	    {
    #####: 1241:	      gainCard(gold, state, 1, currentPlayer);
        -: 1242:	    }
        -: 1243:				
        -: 1244:	  //return success
    #####: 1245:	  return 1;
        -: 1246:	}
        -: 1247:			
        -: 1248:      //no second treasure_map found in hand
    #####: 1249:      return -1;
        -: 1250:    }
        -: 1251:	
    #####: 1252:  return -1;
        -: 1253:}
        -: 1254:
    #####: 1255:int discardCard(int handPos, int currentPlayer, struct gameState *state, int trashFlag)
        -: 1256:{
        -: 1257:	
        -: 1258:  //if card is not trashed, added to Played pile 
    #####: 1259:  if (trashFlag < 1)
        -: 1260:    {
        -: 1261:      //add card to played pile
    #####: 1262:      state->playedCards[state->playedCardCount] = state->hand[currentPlayer][handPos]; 
    #####: 1263:      state->playedCardCount++;
        -: 1264:    }
        -: 1265:	
        -: 1266:  //set played card to -1
    #####: 1267:  state->hand[currentPlayer][handPos] = -1;
        -: 1268:	
        -: 1269:  //remove card from player's hand
    #####: 1270:  if ( handPos == (state->handCount[currentPlayer] - 1) ) 	//last card in hand array is played
        -: 1271:    {
        -: 1272:      //reduce number of cards in hand
    #####: 1273:      state->handCount[currentPlayer]--;
        -: 1274:    }
    #####: 1275:  else if ( state->handCount[currentPlayer] == 1 ) //only one card in hand
        -: 1276:    {
        -: 1277:      //reduce number of cards in hand
    #####: 1278:      state->handCount[currentPlayer]--;
        -: 1279:    }
        -: 1280:  else 	
        -: 1281:    {
        -: 1282:      //replace discarded card with last card in hand
    #####: 1283:      state->hand[currentPlayer][handPos] = state->hand[currentPlayer][ (state->handCount[currentPlayer] - 1)];
        -: 1284:      //set last card to -1
    #####: 1285:      state->hand[currentPlayer][state->handCount[currentPlayer] - 1] = -1;
        -: 1286:      //reduce number of cards in hand
    #####: 1287:      state->handCount[currentPlayer]--;
        -: 1288:    }
        -: 1289:	
    #####: 1290:  return 0;
        -: 1291:}
        -: 1292:
    #####: 1293:int gainCard(int supplyPos, struct gameState *state, int toFlag, int player)
        -: 1294:{
        -: 1295:  //Note: supplyPos is enum of choosen card
        -: 1296:	
        -: 1297:  //check if supply pile is empty (0) or card is not used in game (-1)
    #####: 1298:  if ( supplyCount(supplyPos, state) < 1 )
        -: 1299:    {
    #####: 1300:      return -1;
        -: 1301:    }
        -: 1302:	
        -: 1303:  //added card for [whoseTurn] current player:
        -: 1304:  // toFlag = 0 : add to discard
        -: 1305:  // toFlag = 1 : add to deck
        -: 1306:  // toFlag = 2 : add to hand
        -: 1307:
    #####: 1308:  if (toFlag == 1)
        -: 1309:    {
    #####: 1310:      state->deck[ player ][ state->deckCount[player] ] = supplyPos;
    #####: 1311:      state->deckCount[player]++;
        -: 1312:    }
    #####: 1313:  else if (toFlag == 2)
        -: 1314:    {
    #####: 1315:      state->hand[ player ][ state->handCount[player] ] = supplyPos;
    #####: 1316:      state->handCount[player]++;
        -: 1317:    }
        -: 1318:  else
        -: 1319:    {
    #####: 1320:      state->discard[player][ state->discardCount[player] ] = supplyPos;
    #####: 1321:      state->discardCount[player]++;
        -: 1322:    }
        -: 1323:	
        -: 1324:  //decrease number in supply pile
    #####: 1325:  state->supplyCount[supplyPos]--;
        -: 1326:	 
    #####: 1327:  return 0;
        -: 1328:}
        -: 1329:
        2: 1330:int updateCoins(int player, struct gameState *state, int bonus)
        -: 1331:{
        -: 1332:  int i;
        -: 1333:	
        -: 1334:  //reset coin count
        2: 1335:  state->coins = 0;
        -: 1336:
        -: 1337:  //add coins for each Treasure card in player's hand
       12: 1338:  for (i = 0; i < state->handCount[player]; i++)
        -: 1339:    {
       10: 1340:      if (state->hand[player][i] == copper)
        -: 1341:	{
       10: 1342:	  state->coins += 1;
        -: 1343:	}
    #####: 1344:      else if (state->hand[player][i] == silver)
        -: 1345:	{
    #####: 1346:	  state->coins += 2;
        -: 1347:	}
    #####: 1348:      else if (state->hand[player][i] == gold)
        -: 1349:	{
    #####: 1350:	  state->coins += 3;
        -: 1351:	}	
        -: 1352:    }	
        -: 1353:
        -: 1354:  //add bonus
        2: 1355:  state->coins += bonus;
        -: 1356:
        2: 1357:  return 0;
        -: 1358:}
        -: 1359:
        -: 1360:
        -: 1361://end of dominion.c
        -: 1362:
